{"logTime": "0102/153948", "correlationVector":"qaAUzOsEA20pUXJ9K1aSPz.1","action":"SyncServerConnectionManagerRequest", "result":"SYNC_SERVER_OK", "context":{"environment":"Prod_southindia_prod-s01-004-apac-southindia", "migrationStage":"NotStarted", "server":"akswtt00800000o"}}
{"logTime": "0102/153949", "correlationVector":"Gg2BZ5oVUHTSOOeRiVmwDu","action":"SyncServerConnectionManagerRequest", "result":"SYNC_SERVER_OK", "context":{"environment":"", "migrationStage":"", "server":""}}
{"logTime": "0102/153949", "correlationVector":"qaAUzOsEA20pUXJ9K1aSPz","action":"Initial GetUpdates", "result":"", "context":Reason: NEW_CLIENT. cV=qaAUzOsEA20pUXJ9K1aSPz}
{"logTime": "0102/153949", "correlationVector":"qaAUzOsEA20pUXJ9K1aSPz.2","action":"GetUpdates Response", "result":"Success", "context":Received 1 update(s). cV=qaAUzOsEA20pUXJ9K1aSPz.0;server=akswtt00800000o;cloudType=Consumer;environment=Prod_southindia_prod-s01-004-apac-southindia;migrationStage=NotStarted}
{"logTime": "0102/153949", "correlationVector":"kBLXaXcG2aJlAdjhv9bJrp","action":"Initial GetUpdates", "result":"", "context":Reason: NEWLY_SUPPORTED_DATATYPE. cV=kBLXaXcG2aJlAdjhv9bJrp}
{"logTime": "0102/153950", "correlationVector":"kBLXaXcG2aJlAdjhv9bJrp.1","action":"SyncServerConnectionManagerRequest", "result":"SYNC_SERVER_OK", "context":{"environment":"Prod_southindia_prod-s01-004-apac-southindia", "migrationStage":"NotStarted", "server":"akswtt00800001o"}}
{"logTime": "0102/153950", "correlationVector":"kBLXaXcG2aJlAdjhv9bJrp.2","action":"GetUpdates Response", "result":"Success", "context":Received 49 update(s). cV=kBLXaXcG2aJlAdjhv9bJrp.0;server=akswtt00800001o;cloudType=Consumer;environment=Prod_southindia_prod-s01-004-apac-southindia;migrationStage=NotStarted}
{"logTime": "0102/153951", "correlationVector":"jpAPyXCDfNPZUFQPanz8/v","action":"Initial GetUpdates", "result":"", "context":Reason: NEWLY_SUPPORTED_DATATYPE. cV=jpAPyXCDfNPZUFQPanz8/v}
{"logTime": "0102/153951", "correlationVector":"jpAPyXCDfNPZUFQPanz8/v.1","action":"SyncServerConnectionManagerRequest", "result":"SYNC_SERVER_OK", "context":{"environment":"Prod_southindia_prod-s01-004-apac-southindia", "migrationStage":"NotStarted", "server":"akswtt00800000l"}}
{"logTime": "0102/153951", "correlationVector":"jpAPyXCDfNPZUFQPanz8/v.2","action":"GetUpdates Response", "result":"Success", "context":Received 14 update(s). cV=jpAPyXCDfNPZUFQPanz8/v.0;server=akswtt00800000l;cloudType=Consumer;environment=Prod_southindia_prod-s01-004-apac-southindia;migrationStage=NotStarted}
{"logTime": "0102/153952", "correlationVector":"MKxz6P2URHKm7YhLbfBuYm","action":"Initial GetUpdates", "result":"", "context":Reason: NEWLY_SUPPORTED_DATATYPE. cV=MKxz6P2URHKm7YhLbfBuYm}
{"logTime": "0102/153952", "correlationVector":"MKxz6P2URHKm7YhLbfBuYm.1","action":"SyncServerConnectionManagerRequest", "result":"SYNC_SERVER_OK", "context":{"environment":"Prod_southindia_prod-s01-004-apac-southindia", "migrationStage":"NotStarted", "server":"akswtt00800000l"}}
{"logTime": "0102/153952", "correlationVector":"MKxz6P2URHKm7YhLbfBuYm.2","action":"GetUpdates", "result":"DeleteReceived", "context":{"id":"a31c3c1c-e954-474d-96f4-b533d2a140d7", "isDeleted:":"true", "version":"1730196666662"}}
{"logTime": "0102/153952", "correlationVector":"MKxz6P2URHKm7YhLbfBuYm.3","action":"GetUpdates", "result":"DeleteReceived", "context":{"id":"9f27cdd3-b08a-4d31-89ca-5e3f9b11b26f", "isDeleted:":"true", "version":"1730311873172"}}
{"logTime": "0102/153952", "correlationVector":"MKxz6P2URHKm7YhLbfBuYm.4","action":"GetUpdates Response", "result":"Success", "context":Received 38 update(s). cV=MKxz6P2URHKm7YhLbfBuYm.0;server=akswtt00800000l;cloudType=Consumer;environment=Prod_southindia_prod-s01-004-apac-southindia;migrationStage=NotStarted}
{"logTime": "0102/153953", "correlationVector":"xyv7trZJEueG5y/Xm7EsF2","action":"Normal GetUpdate request", "result":"", "context":cV=xyv7trZJEueG5y/Xm7EsF2
Nudged types: Sessions, Device Info, User Consents
Refresh requested types: Bookmarks, Preferences, Passwords, Autofill Profiles, Autofill, Typed URLs, Extensions, Sessions, Extension settings, History Delete Directives, Device Info, User Consents, Send Tab To Self, Web Apps, Collection, Edge E Drop, Edge Hub App Usage, Edge Tab Group, Edge Wallet, Encryption Keys}
{"logTime": "0102/153953", "correlationVector":"xyv7trZJEueG5y/Xm7EsF2.1","action":"SyncServerConnectionManagerRequest", "result":"SYNC_SERVER_OK", "context":{"environment":"Prod_southindia_prod-s01-004-apac-southindia", "migrationStage":"NotStarted", "server":"akswtt00800000o"}}
{"logTime": "0102/153954", "correlationVector":"xyv7trZJEueG5y/Xm7EsF2.2","action":"GetUpdates Response", "result":"Success", "context":Received 0 update(s). cV=xyv7trZJEueG5y/Xm7EsF2.0;server=akswtt00800000o;cloudType=Consumer;environment=Prod_southindia_prod-s01-004-apac-southindia;migrationStage=NotStarted}
{"logTime": "0102/153954", "correlationVector":"dvLxq2YeD0pTSZa3lCplIw","action":"DoCompareDataConsistency requsted types: ", "result":"Bookmarks, Preferences, Passwords, Typed URLs, Extensions, Extension settings, History Delete Directives, Send Tab To Self, Web Apps, Collection, Edge E Drop, Edge Tab Group, Edge Wallet, Encryption Keys"}
{"logTime": "0102/153954", "correlationVector":"dvLxq2YeD0pTSZa3lCplIw.0","action":"CompareDataConsistency result: ", "result":"Compare result: Encryption Keys is consistent. local entities count is: 1 local entities hash is: GYENL/kdJZBojeqaPprdxHlKUZQ="}
{"logTime": "0102/153954", "correlationVector":"dvLxq2YeD0pTSZa3lCplIw.1","action":"CompareDataConsistency result: ", "result":"Compare result: Bookmarks is consistent. local entities count is: 12 local entities hash is: 8QLyCYpo6bd6XwLs9MrjOoGLPCc="}
{"logTime": "0102/153954", "correlationVector":"dvLxq2YeD0pTSZa3lCplIw.2","action":"CompareDataConsistency result: ", "result":"Compare result: Preferences is consistent. local entities count is: 40 local entities hash is: Gdp2ZxotIfKq4jPlawRnQosgVHY="}
{"logTime": "0102/153954", "correlationVector":"dvLxq2YeD0pTSZa3lCplIw.3","action":"CompareDataConsistency result: ", "result":"Server did not send this Typed URLs local entities count is: 0 local entities hash is: "}
{"logTime": "0102/153954", "correlationVector":"dvLxq2YeD0pTSZa3lCplIw.4","action":"CompareDataConsistency result: ", "result":"Compare result: Extensions is consistent. local entities count is: 0 local entities hash is: "}
{"logTime": "0102/153954", "correlationVector":"dvLxq2YeD0pTSZa3lCplIw.5","action":"CompareDataConsistency result: ", "result":"Compare result: Extension settings is consistent. local entities count is: 0 local entities hash is: "}
{"logTime": "0102/153954", "correlationVector":"dvLxq2YeD0pTSZa3lCplIw.6","action":"CompareDataConsistency result: ", "result":"Compare result: History Delete Directives is consistent. local entities count is: 0 local entities hash is: "}
{"logTime": "0102/153954", "correlationVector":"dvLxq2YeD0pTSZa3lCplIw.7","action":"CompareDataConsistency result: ", "result":"Server did not send this Send Tab To Self local entities count is: 0 local entities hash is: "}
{"logTime": "0102/153954", "correlationVector":"dvLxq2YeD0pTSZa3lCplIw.8","action":"CompareDataConsistency result: ", "result":"Compare result: Web Apps is consistent. local entities count is: 0 local entities hash is: "}
{"logTime": "0102/153954", "correlationVector":"dvLxq2YeD0pTSZa3lCplIw.9","action":"CompareDataConsistency result: ", "result":"Compare result: Collection is consistent. local entities count is: 0 local entities hash is: "}
{"logTime": "0102/153954", "correlationVector":"dvLxq2YeD0pTSZa3lCplIw.10","action":"CompareDataConsistency result: ", "result":"Compare result: Edge E Drop is consistent. local entities count is: 0 local entities hash is: "}
{"logTime": "0102/153954", "correlationVector":"dvLxq2YeD0pTSZa3lCplIw.11","action":"CompareDataConsistency result: ", "result":"Compare result: Edge Tab Group is consistent. local entities count is: 0 local entities hash is: "}
{"logTime": "0102/153954", "correlationVector":"dvLxq2YeD0pTSZa3lCplIw.12","action":"CompareDataConsistency result: ", "result":"Compare result: Edge Wallet is consistent. local entities count is: 0 local entities hash is: "}
{"logTime": "0102/153954", "correlationVector":"dvLxq2YeD0pTSZa3lCplIw.13","action":"CompareDataConsistency result: ", "result":"Compare result: Passwords is consistent. local entities count is: 0 local entities hash is: "}
{"logTime": "0102/153954", "correlationVector":"Os96aWgBxP0D0HQyhFzJ0P","action":"Commit Request", "result":"", "context":Item count: 4
Contributing types: Sessions, Device Info, User Consents}
{"logTime": "0102/153955", "correlationVector":"Os96aWgBxP0D0HQyhFzJ0P.1","action":"SyncServerConnectionManagerRequest", "result":"SYNC_SERVER_OK", "context":{"environment":"Prod_southindia_prod-s01-004-apac-southindia", "migrationStage":"NotStarted", "server":"akswtt00800002e"}}
{"logTime": "0102/153956", "correlationVector":"Os96aWgBxP0D0HQyhFzJ0P.2","action":"Commit Response", "result":"Success", "context":Result: Success. cV=Os96aWgBxP0D0HQyhFzJ0P.0;server=akswtt00800002e;cloudType=Consumer;environment=Prod_southindia_prod-s01-004-apac-southindia;migrationStage=NotStarted}
{"logTime": "0102/153956", "correlationVector":"","action":"DIAGNOSTIC_REQUEST|v1/diagnosticData/Diagnostic.SendCheckResult()|SUCCESS", "result":""}
{"logTime": "0102/153956", "correlationVector":"i8AAHeojK7qPiZn3q9aw2w","action":"Commit Request", "result":"", "context":Item count: 1
Contributing types: User Consents}
{"logTime": "0102/153956", "correlationVector":"i8AAHeojK7qPiZn3q9aw2w.1","action":"SyncServerConnectionManagerRequest", "result":"SYNC_SERVER_OK", "context":{"environment":"Prod_southindia_prod-s01-004-apac-southindia", "migrationStage":"NotStarted", "server":"akswtt00800000h"}}
{"logTime": "0102/153957", "correlationVector":"i8AAHeojK7qPiZn3q9aw2w.2","action":"Commit Response", "result":"Success", "context":Result: Success. cV=i8AAHeojK7qPiZn3q9aw2w.0;server=akswtt00800000h;cloudType=Consumer;environment=Prod_southindia_prod-s01-004-apac-southindia;migrationStage=NotStarted}
{"logTime": "0102/154037", "correlationVector":"sFhEMR9nSFDBwpATIbTDvY","action":"Commit Request", "result":"", "context":Item count: 2
Contributing types: Sessions, Edge Hub App Usage}
{"logTime": "0102/154038", "correlationVector":"sFhEMR9nSFDBwpATIbTDvY.1","action":"SyncServerConnectionManagerRequest", "result":"SYNC_SERVER_OK", "context":{"environment":"Prod_southindia_prod-s01-004-apac-southindia", "migrationStage":"NotStarted", "server":"akswtt008000018"}}
{"logTime": "0102/154038", "correlationVector":"sFhEMR9nSFDBwpATIbTDvY.2","action":"Commit Response", "result":"Success", "context":Result: Success. cV=sFhEMR9nSFDBwpATIbTDvY.0;server=akswtt008000018;cloudType=Consumer;environment=Prod_southindia_prod-s01-004-apac-southindia;migrationStage=NotStarted}
{"logTime": "0102/154042", "correlationVector":"5VnPkMj1xWEnz6YAOCnGQX","action":"Commit Request", "result":"", "context":Item count: 1
Contributing types: Edge Hub App Usage}
{"logTime": "0102/154043", "correlationVector":"5VnPkMj1xWEnz6YAOCnGQX.1","action":"SyncServerConnectionManagerRequest", "result":"SYNC_SERVER_OK", "context":{"environment":"Prod_southindia_prod-s01-004-apac-southindia", "migrationStage":"NotStarted", "server":"akswtt00800000n"}}
{"logTime": "0102/154043", "correlationVector":"5VnPkMj1xWEnz6YAOCnGQX.2","action":"Commit Response", "result":"Success", "context":Result: Success. cV=5VnPkMj1xWEnz6YAOCnGQX.0;server=akswtt00800000n;cloudType=Consumer;environment=Prod_southindia_prod-s01-004-apac-southindia;migrationStage=NotStarted}
{"logTime": "0102/154428", "correlationVector":"ZBMl1jypN0+6Vs9bRuBkyR.1","action":"SyncServerConnectionManagerRequest", "result":"SYNC_SERVER_OK", "context":{"environment":"Prod_southindia_prod-s01-004-apac-southindia", "migrationStage":"NotStarted", "server":"akswtt00800000x"}}
{"logTime": "0102/154429", "correlationVector":"ZS8PwhRoxB/XzpU/rwBkCR","action":"SyncServerConnectionManagerRequest", "result":"SYNC_SERVER_OK", "context":{"environment":"", "migrationStage":"", "server":""}}
{"logTime": "0102/154429", "correlationVector":"ZBMl1jypN0+6Vs9bRuBkyR","action":"Initial GetUpdates", "result":"", "context":Reason: NEW_CLIENT. cV=ZBMl1jypN0+6Vs9bRuBkyR}
{"logTime": "0102/154429", "correlationVector":"ZBMl1jypN0+6Vs9bRuBkyR.2","action":"GetUpdates Response", "result":"Success", "context":Received 1 update(s). cV=ZBMl1jypN0+6Vs9bRuBkyR.0;server=akswtt00800000x;cloudType=Consumer;environment=Prod_southindia_prod-s01-004-apac-southindia;migrationStage=NotStarted}
{"logTime": "0102/154434", "correlationVector":"z9M8aaoc42OxBmzm7h2CbY","action":"Normal GetUpdate request", "result":"", "context":cV=z9M8aaoc42OxBmzm7h2CbY
Nudged types: Sessions
Refresh requested types: Bookmarks, Preferences, Passwords, Autofill Profiles, Autofill, Typed URLs, Extensions, Sessions, Extension settings, History Delete Directives, Device Info, User Consents, Send Tab To Self, Web Apps, Collection, Edge E Drop, Edge Hub App Usage, Edge Tab Group, Edge Wallet, Encryption Keys}
{"logTime": "0102/154435", "correlationVector":"z9M8aaoc42OxBmzm7h2CbY.1","action":"SyncServerConnectionManagerRequest", "result":"SYNC_SERVER_OK", "context":{"environment":"Prod_southindia_prod-s01-004-apac-southindia", "migrationStage":"NotStarted", "server":"akswtt008000032"}}
{"logTime": "0102/154435", "correlationVector":"z9M8aaoc42OxBmzm7h2CbY.2","action":"GetUpdates Response", "result":"Success", "context":Received 5 update(s). cV=z9M8aaoc42OxBmzm7h2CbY.0;server=akswtt008000032;cloudType=Consumer;environment=Prod_southindia_prod-s01-004-apac-southindia;migrationStage=NotStarted}
{"logTime": "0102/154439", "correlationVector":"90Gl/NIM3+f1nJgypUCgnZ","action":"Commit Request", "result":"", "context":Item count: 3
Contributing types: Sessions}
{"logTime": "0102/154439", "correlationVector":"90Gl/NIM3+f1nJgypUCgnZ.1","action":"SyncServerConnectionManagerRequest", "result":"SYNC_SERVER_OK", "context":{"environment":"Prod_southindia_prod-s01-004-apac-southindia", "migrationStage":"NotStarted", "server":"akswtt00800000b"}}
{"logTime": "0102/154439", "correlationVector":"90Gl/NIM3+f1nJgypUCgnZ.3","action":"Commit.Sessions", "result":"Success", "context":{"id":"ed6e42b5-52c8-432a-a77c-4a1af6ef338a", "isDeleted":"true", "size":"0", "version":"1735832438800"}}
{"logTime": "0102/154439", "correlationVector":"90Gl/NIM3+f1nJgypUCgnZ.2","action":"Commit Response", "result":"Success", "context":Result: Success. cV=90Gl/NIM3+f1nJgypUCgnZ.0;server=akswtt00800000b;cloudType=Consumer;environment=Prod_southindia_prod-s01-004-apac-southindia;migrationStage=NotStarted}
{"logTime": "0102/154510", "correlationVector":"pW1JwGK4lpC3eH84fj5HQ3","action":"Commit Request", "result":"", "context":Item count: 1
Contributing types: Sessions}
{"logTime": "0102/154510", "correlationVector":"pW1JwGK4lpC3eH84fj5HQ3.1","action":"SyncServerConnectionManagerRequest", "result":"SYNC_SERVER_OK", "context":{"environment":"Prod_southindia_prod-s01-004-apac-southindia", "migrationStage":"NotStarted", "server":"akswtt008000011"}}
{"logTime": "0102/154510", "correlationVector":"pW1JwGK4lpC3eH84fj5HQ3.2","action":"Commit Response", "result":"Success", "context":Result: Success. cV=pW1JwGK4lpC3eH84fj5HQ3.0;server=akswtt008000011;cloudType=Consumer;environment=Prod_southindia_prod-s01-004-apac-southindia;migrationStage=NotStarted}
{"logTime": "0102/160344", "correlationVector":"YI2NwR3eW8UsSCpjFRbrQu.1","action":"SyncServerConnectionManagerRequest", "result":"SYNC_SERVER_OK", "context":{"environment":"Prod_southindia_prod-s01-004-apac-southindia", "migrationStage":"NotStarted", "server":"akswtt00800002u"}}
{"logTime": "0102/160348", "correlationVector":"HPFpRm8xTcXfw3ym+q2ebY","action":"SyncServerConnectionManagerRequest", "result":"SYNC_SERVER_OK", "context":{"environment":"", "migrationStage":"", "server":""}}
{"logTime": "0102/160350", "correlationVector":"YI2NwR3eW8UsSCpjFRbrQu","action":"Initial GetUpdates", "result":"", "context":Reason: NEW_CLIENT. cV=YI2NwR3eW8UsSCpjFRbrQu}
{"logTime": "0102/160350", "correlationVector":"YI2NwR3eW8UsSCpjFRbrQu.2","action":"GetUpdates Response", "result":"Success", "context":Received 1 update(s). cV=YI2NwR3eW8UsSCpjFRbrQu.0;server=akswtt00800002u;cloudType=Consumer;environment=Prod_southindia_prod-s01-004-apac-southindia;migrationStage=NotStarted}
{"logTime": "0102/160354", "correlationVector":"H5+IUx1NmBEBaiRonBQo3s","action":"Normal GetUpdate request", "result":"", "context":cV=H5+IUx1NmBEBaiRonBQo3s
Nudged types: Sessions
Refresh requested types: Bookmarks, Preferences, Passwords, Autofill Profiles, Autofill, Typed URLs, Extensions, Sessions, Extension settings, History Delete Directives, Device Info, User Consents, Send Tab To Self, Web Apps, Collection, Edge E Drop, Edge Hub App Usage, Edge Tab Group, Edge Wallet, Encryption Keys}
{"logTime": "0102/160355", "correlationVector":"H5+IUx1NmBEBaiRonBQo3s.1","action":"SyncServerConnectionManagerRequest", "result":"SYNC_SERVER_OK", "context":{"environment":"Prod_southindia_prod-s01-004-apac-southindia", "migrationStage":"NotStarted", "server":"akswtt00800000w"}}
{"logTime": "0102/160355", "correlationVector":"H5+IUx1NmBEBaiRonBQo3s.2","action":"GetUpdates", "result":"DeleteReceived", "context":{"id":"ed6e42b5-52c8-432a-a77c-4a1af6ef338a", "isDeleted:":"true", "version":"1735832680670"}}
{"logTime": "0102/160355", "correlationVector":"H5+IUx1NmBEBaiRonBQo3s.3","action":"GetUpdates Response", "result":"Success", "context":Received 3 update(s). cV=H5+IUx1NmBEBaiRonBQo3s.0;server=akswtt00800000w;cloudType=Consumer;environment=Prod_southindia_prod-s01-004-apac-southindia;migrationStage=NotStarted}
{"logTime": "0102/160358", "correlationVector":"ynB/QVe99eD8OX9g+E8qYg","action":"Commit Request", "result":"", "context":Item count: 3
Contributing types: Sessions}
{"logTime": "0102/160359", "correlationVector":"ynB/QVe99eD8OX9g+E8qYg.1","action":"SyncServerConnectionManagerRequest", "result":"SYNC_SERVER_OK", "context":{"environment":"Prod_southindia_prod-s01-004-apac-southindia", "migrationStage":"NotStarted", "server":"akswtt00800000a"}}
{"logTime": "0102/160359", "correlationVector":"ynB/QVe99eD8OX9g+E8qYg.3","action":"Commit.Sessions", "result":"Success", "context":{"id":"259e6199-0181-4d44-9ad2-8239dc25e840", "isDeleted":"true", "size":"0", "version":"1735832711164"}}
{"logTime": "0102/160359", "correlationVector":"ynB/QVe99eD8OX9g+E8qYg.2","action":"Commit Response", "result":"Success", "context":Result: Success. cV=ynB/QVe99eD8OX9g+E8qYg.0;server=akswtt00800000a;cloudType=Consumer;environment=Prod_southindia_prod-s01-004-apac-southindia;migrationStage=NotStarted}
{"logTime": "0102/160429", "correlationVector":"B/jcHY6BJ02sc2xhyR0jGl","action":"Commit Request", "result":"", "context":Item count: 1
Contributing types: Sessions}
{"logTime": "0102/160430", "correlationVector":"B/jcHY6BJ02sc2xhyR0jGl.1","action":"SyncServerConnectionManagerRequest", "result":"SYNC_SERVER_OK", "context":{"environment":"Prod_southindia_prod-s01-004-apac-southindia", "migrationStage":"NotStarted", "server":"akswtt008000008"}}
{"logTime": "0102/160430", "correlationVector":"B/jcHY6BJ02sc2xhyR0jGl.2","action":"Commit Response", "result":"Success", "context":Result: Success. cV=B/jcHY6BJ02sc2xhyR0jGl.0;server=akswtt008000008;cloudType=Consumer;environment=Prod_southindia_prod-s01-004-apac-southindia;migrationStage=NotStarted}
{"logTime": "0102/160504", "correlationVector":"os4L1J4WLfH730FsUOz80V","action":"Commit Request", "result":"", "context":Item count: 1
Contributing types: Sessions}
{"logTime": "0102/160504", "correlationVector":"os4L1J4WLfH730FsUOz80V.1","action":"SyncServerConnectionManagerRequest", "result":"SYNC_SERVER_OK", "context":{"environment":"Prod_southindia_prod-s01-004-apac-southindia", "migrationStage":"NotStarted", "server":"akswtt008000028"}}
{"logTime": "0102/160504", "correlationVector":"os4L1J4WLfH730FsUOz80V.2","action":"Commit Response", "result":"Success", "context":Result: Success. cV=os4L1J4WLfH730FsUOz80V.0;server=akswtt008000028;cloudType=Consumer;environment=Prod_southindia_prod-s01-004-apac-southindia;migrationStage=NotStarted}
{"logTime": "0102/160828", "correlationVector":"LdEEjDE/MJrJ7oIzI5WZc1","action":"Normal GetUpdate request", "result":"", "context":cV=LdEEjDE/MJrJ7oIzI5WZc1
Refresh requested types: Bookmarks, Preferences, Passwords, Autofill Profiles, Autofill, Typed URLs, Extensions, Sessions, Extension settings, History Delete Directives, Device Info, User Consents, Send Tab To Self, Web Apps, Collection, Edge E Drop, Edge Hub App Usage, Edge Tab Group, Edge Wallet, Encryption Keys}
{"logTime": "0102/160828", "correlationVector":"LdEEjDE/MJrJ7oIzI5WZc1.1","action":"SyncServerConnectionManagerRequest", "result":"SYNC_SERVER_OK", "context":{"environment":"Prod_southindia_prod-s01-004-apac-southindia", "migrationStage":"NotStarted", "server":"akswtt00800001s"}}
{"logTime": "0102/160828", "correlationVector":"LdEEjDE/MJrJ7oIzI5WZc1.2","action":"GetUpdates", "result":"DeleteReceived", "context":{"id":"259e6199-0181-4d44-9ad2-8239dc25e840", "isDeleted:":"true", "version":"1735833839841"}}
{"logTime": "0102/160828", "correlationVector":"LdEEjDE/MJrJ7oIzI5WZc1.3","action":"GetUpdates Response", "result":"Success", "context":Received 3 update(s). cV=LdEEjDE/MJrJ7oIzI5WZc1.0;server=akswtt00800001s;cloudType=Consumer;environment=Prod_southindia_prod-s01-004-apac-southindia;migrationStage=NotStarted}
{"logTime": "0102/161025", "correlationVector":"mkS4re6vjPumhKNpSs4iub.1","action":"SyncServerConnectionManagerRequest", "result":"SYNC_SERVER_OK", "context":{"environment":"Prod_southindia_prod-s01-004-apac-southindia", "migrationStage":"NotStarted", "server":"akswtt008000008"}}
{"logTime": "0102/161027", "correlationVector":"67PdwJm5Qwtk5j43XBnXQm","action":"SyncServerConnectionManagerRequest", "result":"SYNC_SERVER_OK", "context":{"environment":"", "migrationStage":"", "server":""}}
{"logTime": "0102/161027", "correlationVector":"mkS4re6vjPumhKNpSs4iub","action":"Initial GetUpdates", "result":"", "context":Reason: NEW_CLIENT. cV=mkS4re6vjPumhKNpSs4iub}
{"logTime": "0102/161027", "correlationVector":"mkS4re6vjPumhKNpSs4iub.2","action":"GetUpdates Response", "result":"Success", "context":Received 1 update(s). cV=mkS4re6vjPumhKNpSs4iub.0;server=akswtt008000008;cloudType=Consumer;environment=Prod_southindia_prod-s01-004-apac-southindia;migrationStage=NotStarted}
{"logTime": "0102/161027", "correlationVector":"ICqTa2Q1FT5jqXBWjcoYyZ","action":"Normal GetUpdate request", "result":"", "context":cV=ICqTa2Q1FT5jqXBWjcoYyZ
Nudged types: Sessions
Refresh requested types: Bookmarks, Preferences, Passwords, Autofill Profiles, Autofill, Typed URLs, Extensions, Sessions, Extension settings, History Delete Directives, Device Info, User Consents, Send Tab To Self, Web Apps, Collection, Edge E Drop, Edge Hub App Usage, Edge Tab Group, Edge Wallet, Encryption Keys}
{"logTime": "0102/161028", "correlationVector":"ICqTa2Q1FT5jqXBWjcoYyZ.1","action":"SyncServerConnectionManagerRequest", "result":"SYNC_SERVER_OK", "context":{"environment":"Prod_southindia_prod-s01-004-apac-southindia", "migrationStage":"NotStarted", "server":"akswtt00800002e"}}
{"logTime": "0102/161028", "correlationVector":"ICqTa2Q1FT5jqXBWjcoYyZ.2","action":"GetUpdates Response", "result":"Success", "context":Received 0 update(s). cV=ICqTa2Q1FT5jqXBWjcoYyZ.0;server=akswtt00800002e;cloudType=Consumer;environment=Prod_southindia_prod-s01-004-apac-southindia;migrationStage=NotStarted}
{"logTime": "0102/161028", "correlationVector":"XvO0a2ytMMecAp4lm4ju5+","action":"Commit Request", "result":"", "context":Item count: 3
Contributing types: Sessions}
{"logTime": "0102/161028", "correlationVector":"XvO0a2ytMMecAp4lm4ju5+.1","action":"SyncServerConnectionManagerRequest", "result":"SYNC_SERVER_OK", "context":{"environment":"Prod_southindia_prod-s01-004-apac-southindia", "migrationStage":"NotStarted", "server":"akswtt00800001z"}}
{"logTime": "0102/161028", "correlationVector":"XvO0a2ytMMecAp4lm4ju5+.3","action":"Commit.Sessions", "result":"Success", "context":{"id":"5dc2d6ba-3151-4338-957a-95079586a2b8", "isDeleted":"true", "size":"0", "version":"1735833905566"}}
{"logTime": "0102/161028", "correlationVector":"XvO0a2ytMMecAp4lm4ju5+.2","action":"Commit Response", "result":"Success", "context":Result: Success. cV=XvO0a2ytMMecAp4lm4ju5+.0;server=akswtt00800001z;cloudType=Consumer;environment=Prod_southindia_prod-s01-004-apac-southindia;migrationStage=NotStarted}
{"logTime": "0102/161059", "correlationVector":"KissAsrnuvbheN0u/tD886","action":"Commit Request", "result":"", "context":Item count: 1
Contributing types: Sessions}
{"logTime": "0102/161059", "correlationVector":"KissAsrnuvbheN0u/tD886.1","action":"SyncServerConnectionManagerRequest", "result":"SYNC_SERVER_OK", "context":{"environment":"Prod_southindia_prod-s01-004-apac-southindia", "migrationStage":"NotStarted", "server":"akswtt008000021"}}
{"logTime": "0102/161059", "correlationVector":"KissAsrnuvbheN0u/tD886.2","action":"Commit Response", "result":"Success", "context":Result: Success. cV=KissAsrnuvbheN0u/tD886.0;server=akswtt008000021;cloudType=Consumer;environment=Prod_southindia_prod-s01-004-apac-southindia;migrationStage=NotStarted}
{"logTime": "0102/162150", "correlationVector":"48tiNH3frIhDxZBzXhxJty.1","action":"SyncServerConnectionManagerRequest", "result":"SYNC_SERVER_OK", "context":{"environment":"Prod_southindia_prod-s01-004-apac-southindia", "migrationStage":"NotStarted", "server":"akswtt008000017"}}
{"logTime": "0102/162151", "correlationVector":"Y4Sg+WpcU3KG4pPsdXM2VC","action":"SyncServerConnectionManagerRequest", "result":"SYNC_SERVER_OK", "context":{"environment":"", "migrationStage":"", "server":""}}
{"logTime": "0102/162151", "correlationVector":"48tiNH3frIhDxZBzXhxJty","action":"Initial GetUpdates", "result":"", "context":Reason: NEW_CLIENT. cV=48tiNH3frIhDxZBzXhxJty}
{"logTime": "0102/162151", "correlationVector":"48tiNH3frIhDxZBzXhxJty.2","action":"GetUpdates Response", "result":"Success", "context":Received 1 update(s). cV=48tiNH3frIhDxZBzXhxJty.0;server=akswtt008000017;cloudType=Consumer;environment=Prod_southindia_prod-s01-004-apac-southindia;migrationStage=NotStarted}
{"logTime": "0102/162156", "correlationVector":"qZ0/PKvaBSGiMCEjsQFItR","action":"Normal GetUpdate request", "result":"", "context":cV=qZ0/PKvaBSGiMCEjsQFItR
Nudged types: Sessions
Refresh requested types: Bookmarks, Preferences, Passwords, Autofill Profiles, Autofill, Typed URLs, Extensions, Sessions, Extension settings, History Delete Directives, Device Info, User Consents, Send Tab To Self, Web Apps, Collection, Edge E Drop, Edge Hub App Usage, Edge Tab Group, Edge Wallet, Encryption Keys}
{"logTime": "0102/162156", "correlationVector":"qZ0/PKvaBSGiMCEjsQFItR.1","action":"SyncServerConnectionManagerRequest", "result":"SYNC_SERVER_OK", "context":{"environment":"Prod_southindia_prod-s01-004-apac-southindia", "migrationStage":"NotStarted", "server":"akswtt008000004"}}
{"logTime": "0102/162156", "correlationVector":"qZ0/PKvaBSGiMCEjsQFItR.2","action":"GetUpdates", "result":"DeleteReceived", "context":{"id":"5dc2d6ba-3151-4338-957a-95079586a2b8", "isDeleted:":"true", "version":"1735834229620"}}
{"logTime": "0102/162156", "correlationVector":"qZ0/PKvaBSGiMCEjsQFItR.3","action":"GetUpdates Response", "result":"Success", "context":Received 3 update(s). cV=qZ0/PKvaBSGiMCEjsQFItR.0;server=akswtt008000004;cloudType=Consumer;environment=Prod_southindia_prod-s01-004-apac-southindia;migrationStage=NotStarted}
{"logTime": "0102/162200", "correlationVector":"3LQMJWzjhj2/B/rToqKEB8","action":"Commit Request", "result":"", "context":Item count: 3
Contributing types: Sessions}
{"logTime": "0102/162200", "correlationVector":"3LQMJWzjhj2/B/rToqKEB8.1","action":"SyncServerConnectionManagerRequest", "result":"SYNC_SERVER_OK", "context":{"environment":"Prod_southindia_prod-s01-004-apac-southindia", "migrationStage":"NotStarted", "server":"akswtt00800002y"}}
{"logTime": "0102/162200", "correlationVector":"3LQMJWzjhj2/B/rToqKEB8.3","action":"Commit.Sessions", "result":"Success", "context":{"id":"575e4f83-f10f-49d6-89ea-d48323adf625", "isDeleted":"true", "size":"0", "version":"1735834260168"}}
{"logTime": "0102/162200", "correlationVector":"3LQMJWzjhj2/B/rToqKEB8.2","action":"Commit Response", "result":"Success", "context":Result: Success. cV=3LQMJWzjhj2/B/rToqKEB8.0;server=akswtt00800002y;cloudType=Consumer;environment=Prod_southindia_prod-s01-004-apac-southindia;migrationStage=NotStarted}
{"logTime": "0102/162230", "correlationVector":"9FVtZmPD+pi7VndFKftegA","action":"Commit Request", "result":"", "context":Item count: 1
Contributing types: Sessions}
{"logTime": "0102/162231", "correlationVector":"9FVtZmPD+pi7VndFKftegA.1","action":"SyncServerConnectionManagerRequest", "result":"SYNC_SERVER_OK", "context":{"environment":"Prod_southindia_prod-s01-004-apac-southindia", "migrationStage":"NotStarted", "server":"akswtt008000011"}}
{"logTime": "0102/162231", "correlationVector":"9FVtZmPD+pi7VndFKftegA.2","action":"Commit Response", "result":"Success", "context":Result: Success. cV=9FVtZmPD+pi7VndFKftegA.0;server=akswtt008000011;cloudType=Consumer;environment=Prod_southindia_prod-s01-004-apac-southindia;migrationStage=NotStarted}
{"logTime": "0102/162925", "correlationVector":"OH4QxmYQKKDOHpqoIeIeaU.1","action":"SyncServerConnectionManagerRequest", "result":"SYNC_SERVER_OK", "context":{"environment":"Prod_southindia_prod-s01-004-apac-southindia", "migrationStage":"NotStarted", "server":"akswtt008000022"}}
{"logTime": "0102/162927", "correlationVector":"CmGy+5So4ZJGbYdpFZL0ji","action":"SyncServerConnectionManagerRequest", "result":"SYNC_SERVER_OK", "context":{"environment":"", "migrationStage":"", "server":""}}
{"logTime": "0102/162927", "correlationVector":"OH4QxmYQKKDOHpqoIeIeaU","action":"Initial GetUpdates", "result":"", "context":Reason: NEW_CLIENT. cV=OH4QxmYQKKDOHpqoIeIeaU}
{"logTime": "0102/162927", "correlationVector":"OH4QxmYQKKDOHpqoIeIeaU.2","action":"GetUpdates Response", "result":"Success", "context":Received 1 update(s). cV=OH4QxmYQKKDOHpqoIeIeaU.0;server=akswtt008000022;cloudType=Consumer;environment=Prod_southindia_prod-s01-004-apac-southindia;migrationStage=NotStarted}
{"logTime": "0102/162930", "correlationVector":"TGS0tNmsSYdpbCykx2tILC","action":"Normal GetUpdate request", "result":"", "context":cV=TGS0tNmsSYdpbCykx2tILC
Nudged types: Sessions
Refresh requested types: Bookmarks, Preferences, Passwords, Autofill Profiles, Autofill, Typed URLs, Extensions, Sessions, Extension settings, History Delete Directives, Device Info, User Consents, Send Tab To Self, Web Apps, Collection, Edge E Drop, Edge Hub App Usage, Edge Tab Group, Edge Wallet, Encryption Keys}
{"logTime": "0102/162930", "correlationVector":"TGS0tNmsSYdpbCykx2tILC.1","action":"SyncServerConnectionManagerRequest", "result":"SYNC_SERVER_OK", "context":{"environment":"Prod_southindia_prod-s01-004-apac-southindia", "migrationStage":"NotStarted", "server":"akswtt00800000e"}}
{"logTime": "0102/162930", "correlationVector":"TGS0tNmsSYdpbCykx2tILC.2","action":"GetUpdates", "result":"DeleteReceived", "context":{"id":"575e4f83-f10f-49d6-89ea-d48323adf625", "isDeleted:":"true", "version":"1735834921427"}}
{"logTime": "0102/162930", "correlationVector":"TGS0tNmsSYdpbCykx2tILC.3","action":"GetUpdates Response", "result":"Success", "context":Received 3 update(s). cV=TGS0tNmsSYdpbCykx2tILC.0;server=akswtt00800000e;cloudType=Consumer;environment=Prod_southindia_prod-s01-004-apac-southindia;migrationStage=NotStarted}
{"logTime": "0102/162934", "correlationVector":"vw6JVEj1oPzYz7Z3DRME2q","action":"Commit Request", "result":"", "context":Item count: 3
Contributing types: Sessions}
{"logTime": "0102/162934", "correlationVector":"vw6JVEj1oPzYz7Z3DRME2q.1","action":"SyncServerConnectionManagerRequest", "result":"SYNC_SERVER_OK", "context":{"environment":"Prod_southindia_prod-s01-004-apac-southindia", "migrationStage":"NotStarted", "server":"akswtt008000018"}}
{"logTime": "0102/162934", "correlationVector":"vw6JVEj1oPzYz7Z3DRME2q.3","action":"Commit.Sessions", "result":"Success", "context":{"id":"11c6e70d-2f5b-44b3-9b59-e55e3ffbdb61", "isDeleted":"true", "size":"0", "version":"1735834951825"}}
{"logTime": "0102/162934", "correlationVector":"vw6JVEj1oPzYz7Z3DRME2q.2","action":"Commit Response", "result":"Success", "context":Result: Success. cV=vw6JVEj1oPzYz7Z3DRME2q.0;server=akswtt008000018;cloudType=Consumer;environment=Prod_southindia_prod-s01-004-apac-southindia;migrationStage=NotStarted}
{"logTime": "0102/163004", "correlationVector":"iuADQP3UEF4eQ86PSv4h9h","action":"Commit Request", "result":"", "context":Item count: 1
Contributing types: Sessions}
{"logTime": "0102/163004", "correlationVector":"iuADQP3UEF4eQ86PSv4h9h.1","action":"SyncServerConnectionManagerRequest", "result":"SYNC_SERVER_OK", "context":{"environment":"Prod_southindia_prod-s01-004-apac-southindia", "migrationStage":"NotStarted", "server":"akswtt00800002a"}}
{"logTime": "0102/163004", "correlationVector":"iuADQP3UEF4eQ86PSv4h9h.2","action":"Commit Response", "result":"Success", "context":Result: Success. cV=iuADQP3UEF4eQ86PSv4h9h.0;server=akswtt00800002a;cloudType=Consumer;environment=Prod_southindia_prod-s01-004-apac-southindia;migrationStage=NotStarted}
{"logTime": "0102/163224", "correlationVector":"vn5USMST3uCNSS+w7RGGV6","action":"Commit Request", "result":"", "context":Item count: 1
Contributing types: Sessions}
{"logTime": "0102/163227", "correlationVector":"vn5USMST3uCNSS+w7RGGV6.1","action":"SyncServerConnectionManagerRequest", "result":"SYNC_SERVER_OK", "context":{"environment":"Prod_southindia_prod-s01-004-apac-southindia", "migrationStage":"NotStarted", "server":"akswtt008000009"}}
{"logTime": "0102/163227", "correlationVector":"vn5USMST3uCNSS+w7RGGV6.2","action":"Commit Response", "result":"Success", "context":Result: Success. cV=vn5USMST3uCNSS+w7RGGV6.0;server=akswtt008000009;cloudType=Consumer;environment=Prod_southindia_prod-s01-004-apac-southindia;migrationStage=NotStarted}
{"logTime": "0102/164906", "correlationVector":"F5PEmr9elgUhtY3fDHNxll.1","action":"SyncServerConnectionManagerRequest", "result":"SYNC_SERVER_OK", "context":{"environment":"Prod_southindia_prod-s01-004-apac-southindia", "migrationStage":"NotStarted", "server":"akswtt00800000i"}}
{"logTime": "0102/164910", "correlationVector":"WAtpe1d1CmBmprUhvm1JuT","action":"SyncServerConnectionManagerRequest", "result":"SYNC_SERVER_OK", "context":{"environment":"", "migrationStage":"", "server":""}}
{"logTime": "0102/164910", "correlationVector":"F5PEmr9elgUhtY3fDHNxll","action":"Initial GetUpdates", "result":"", "context":Reason: NEW_CLIENT. cV=F5PEmr9elgUhtY3fDHNxll}
{"logTime": "0102/164911", "correlationVector":"F5PEmr9elgUhtY3fDHNxll.2","action":"GetUpdates Response", "result":"Success", "context":Received 1 update(s). cV=F5PEmr9elgUhtY3fDHNxll.0;server=akswtt00800000i;cloudType=Consumer;environment=Prod_southindia_prod-s01-004-apac-southindia;migrationStage=NotStarted}
{"logTime": "0102/164915", "correlationVector":"dkpN7uhFsVteYfgh8ZjHyE","action":"Normal GetUpdate request", "result":"", "context":cV=dkpN7uhFsVteYfgh8ZjHyE
Nudged types: Sessions
Refresh requested types: Bookmarks, Preferences, Passwords, Autofill Profiles, Autofill, Typed URLs, Extensions, Sessions, Extension settings, History Delete Directives, Device Info, User Consents, Send Tab To Self, Web Apps, Collection, Edge E Drop, Edge Hub App Usage, Edge Tab Group, Edge Wallet, Encryption Keys}
{"logTime": "0102/164917", "correlationVector":"dkpN7uhFsVteYfgh8ZjHyE.1","action":"SyncServerConnectionManagerRequest", "result":"SYNC_SERVER_OK", "context":{"environment":"Prod_southindia_prod-s01-004-apac-southindia", "migrationStage":"NotStarted", "server":"akswtt00800001e"}}
{"logTime": "0102/164917", "correlationVector":"dkpN7uhFsVteYfgh8ZjHyE.2","action":"GetUpdates", "result":"DeleteReceived", "context":{"id":"11c6e70d-2f5b-44b3-9b59-e55e3ffbdb61", "isDeleted:":"true", "version":"1735835375251"}}
{"logTime": "0102/164917", "correlationVector":"dkpN7uhFsVteYfgh8ZjHyE.3","action":"GetUpdates Response", "result":"Success", "context":Received 3 update(s). cV=dkpN7uhFsVteYfgh8ZjHyE.0;server=akswtt00800001e;cloudType=Consumer;environment=Prod_southindia_prod-s01-004-apac-southindia;migrationStage=NotStarted}
{"logTime": "0102/164919", "correlationVector":"webjqAx/T18iioAcvfW/wJ","action":"Commit Request", "result":"", "context":Item count: 3
Contributing types: Sessions}
{"logTime": "0102/164920", "correlationVector":"webjqAx/T18iioAcvfW/wJ.1","action":"SyncServerConnectionManagerRequest", "result":"SYNC_SERVER_OK", "context":{"environment":"Prod_southindia_prod-s01-004-apac-southindia", "migrationStage":"NotStarted", "server":"akswtt00800000z"}}
{"logTime": "0102/164920", "correlationVector":"webjqAx/T18iioAcvfW/wJ.3","action":"Commit.Sessions", "result":"Success", "context":{"id":"80cb12f3-7389-4ae0-bd0d-4a953598c260", "isDeleted":"true", "size":"0", "version":"1735835547634"}}
{"logTime": "0102/164920", "correlationVector":"webjqAx/T18iioAcvfW/wJ.2","action":"Commit Response", "result":"Success", "context":Result: Success. cV=webjqAx/T18iioAcvfW/wJ.0;server=akswtt00800000z;cloudType=Consumer;environment=Prod_southindia_prod-s01-004-apac-southindia;migrationStage=NotStarted}
{"logTime": "0102/164950", "correlationVector":"6ifYU4uoUnuPGC9dD/ltqZ","action":"Commit Request", "result":"", "context":Item count: 1
Contributing types: Sessions}
{"logTime": "0102/164950", "correlationVector":"6ifYU4uoUnuPGC9dD/ltqZ.1","action":"SyncServerConnectionManagerRequest", "result":"SYNC_SERVER_OK", "context":{"environment":"Prod_southindia_prod-s01-004-apac-southindia", "migrationStage":"NotStarted", "server":"akswtt00800001o"}}
{"logTime": "0102/164950", "correlationVector":"6ifYU4uoUnuPGC9dD/ltqZ.2","action":"Commit Response", "result":"Success", "context":Result: Success. cV=6ifYU4uoUnuPGC9dD/ltqZ.0;server=akswtt00800001o;cloudType=Consumer;environment=Prod_southindia_prod-s01-004-apac-southindia;migrationStage=NotStarted}
{"logTime": "0102/165318", "correlationVector":"V1lrxRxqEUXLfI8Kq/dEWz","action":"Commit Request", "result":"", "context":Item count: 1
Contributing types: Sessions}
{"logTime": "0102/165318", "correlationVector":"V1lrxRxqEUXLfI8Kq/dEWz.1","action":"SyncServerConnectionManagerRequest", "result":"SYNC_SERVER_OK", "context":{"environment":"Prod_southindia_prod-s01-004-apac-southindia", "migrationStage":"NotStarted", "server":"akswtt008000014"}}
{"logTime": "0102/165318", "correlationVector":"V1lrxRxqEUXLfI8Kq/dEWz.2","action":"Commit Response", "result":"Success", "context":Result: Success. cV=V1lrxRxqEUXLfI8Kq/dEWz.0;server=akswtt008000014;cloudType=Consumer;environment=Prod_southindia_prod-s01-004-apac-southindia;migrationStage=NotStarted}
{"logTime": "0102/165403", "correlationVector":"lt0/wv8Bqwz6YYiOvaebdw","action":"Normal GetUpdate request", "result":"", "context":cV=lt0/wv8Bqwz6YYiOvaebdw
Refresh requested types: Bookmarks, Preferences, Passwords, Autofill Profiles, Autofill, Typed URLs, Extensions, Sessions, Extension settings, History Delete Directives, Device Info, User Consents, Send Tab To Self, Web Apps, Collection, Edge E Drop, Edge Hub App Usage, Edge Tab Group, Edge Wallet, Encryption Keys}
{"logTime": "0102/165404", "correlationVector":"lt0/wv8Bqwz6YYiOvaebdw.1","action":"SyncServerConnectionManagerRequest", "result":"SYNC_SERVER_OK", "context":{"environment":"Prod_southindia_prod-s01-004-apac-southindia", "migrationStage":"NotStarted", "server":"akswtt00800000a"}}
{"logTime": "0102/165404", "correlationVector":"lt0/wv8Bqwz6YYiOvaebdw.2","action":"GetUpdates", "result":"DeleteReceived", "context":{"id":"80cb12f3-7389-4ae0-bd0d-4a953598c260", "isDeleted:":"true", "version":"1735836560431"}}
{"logTime": "0102/165404", "correlationVector":"lt0/wv8Bqwz6YYiOvaebdw.3","action":"GetUpdates Response", "result":"Success", "context":Received 3 update(s). cV=lt0/wv8Bqwz6YYiOvaebdw.0;server=akswtt00800000a;cloudType=Consumer;environment=Prod_southindia_prod-s01-004-apac-southindia;migrationStage=NotStarted}
{"logTime": "0102/165534", "correlationVector":"7LjNgjYuhlf76pUw4fLPvf","action":"Commit Request", "result":"", "context":Item count: 1
Contributing types: Sessions}
{"logTime": "0102/165534", "correlationVector":"7LjNgjYuhlf76pUw4fLPvf.1","action":"SyncServerConnectionManagerRequest", "result":"SYNC_SERVER_OK", "context":{"environment":"Prod_southindia_prod-s01-004-apac-southindia", "migrationStage":"NotStarted", "server":"akswtt00800002g"}}
{"logTime": "0102/165534", "correlationVector":"7LjNgjYuhlf76pUw4fLPvf.2","action":"Commit Response", "result":"Success", "context":Result: Success. cV=7LjNgjYuhlf76pUw4fLPvf.0;server=akswtt00800002g;cloudType=Consumer;environment=Prod_southindia_prod-s01-004-apac-southindia;migrationStage=NotStarted}
{"logTime": "0102/170041", "correlationVector":"ohrQqLvk09XoQTI6A2r3sH","action":"Commit Request", "result":"", "context":Item count: 1
Contributing types: Sessions}
{"logTime": "0102/170041", "correlationVector":"ohrQqLvk09XoQTI6A2r3sH.1","action":"SyncServerConnectionManagerRequest", "result":"SYNC_SERVER_OK", "context":{"environment":"Prod_southindia_prod-s01-004-apac-southindia", "migrationStage":"NotStarted", "server":"akswtt008000001"}}
{"logTime": "0102/170041", "correlationVector":"ohrQqLvk09XoQTI6A2r3sH.2","action":"Commit Response", "result":"Success", "context":Result: Success. cV=ohrQqLvk09XoQTI6A2r3sH.0;server=akswtt008000001;cloudType=Consumer;environment=Prod_southindia_prod-s01-004-apac-southindia;migrationStage=NotStarted}
{"logTime": "0102/170151", "correlationVector":"n5klmjmI36cvfZ5etFRtAg","action":"Commit Request", "result":"", "context":Item count: 2
Contributing types: Preferences}
{"logTime": "0102/170151", "correlationVector":"n5klmjmI36cvfZ5etFRtAg.1","action":"SyncServerConnectionManagerRequest", "result":"SYNC_SERVER_OK", "context":{"environment":"Prod_southindia_prod-s01-004-apac-southindia", "migrationStage":"NotStarted", "server":"akswtt008000034"}}
{"logTime": "0102/170151", "correlationVector":"n5klmjmI36cvfZ5etFRtAg.2","action":"Commit Response", "result":"Success", "context":Result: Success. cV=n5klmjmI36cvfZ5etFRtAg.0;server=akswtt008000034;cloudType=Consumer;environment=Prod_southindia_prod-s01-004-apac-southindia;migrationStage=NotStarted}
{"logTime": "0102/170305", "correlationVector":"HQi6LrxIF21T6D+orZC3YS","action":"Commit Request", "result":"", "context":Item count: 1
Contributing types: Sessions}
{"logTime": "0102/170305", "correlationVector":"HQi6LrxIF21T6D+orZC3YS.1","action":"SyncServerConnectionManagerRequest", "result":"SYNC_SERVER_OK", "context":{"environment":"Prod_southindia_prod-s01-004-apac-southindia", "migrationStage":"NotStarted", "server":"akswtt00800002y"}}
{"logTime": "0102/170305", "correlationVector":"HQi6LrxIF21T6D+orZC3YS.2","action":"Commit Response", "result":"Success", "context":Result: Success. cV=HQi6LrxIF21T6D+orZC3YS.0;server=akswtt00800002y;cloudType=Consumer;environment=Prod_southindia_prod-s01-004-apac-southindia;migrationStage=NotStarted}
{"logTime": "0102/170434", "correlationVector":"75zo+bANXS2ckekYnp7AW5","action":"Commit Request", "result":"", "context":Item count: 1
Contributing types: Sessions}
{"logTime": "0102/170434", "correlationVector":"75zo+bANXS2ckekYnp7AW5.1","action":"SyncServerConnectionManagerRequest", "result":"SYNC_SERVER_OK", "context":{"environment":"Prod_southindia_prod-s01-004-apac-southindia", "migrationStage":"NotStarted", "server":"akswtt008000011"}}
{"logTime": "0102/170434", "correlationVector":"75zo+bANXS2ckekYnp7AW5.2","action":"Commit Response", "result":"Success", "context":Result: Success. cV=75zo+bANXS2ckekYnp7AW5.0;server=akswtt008000011;cloudType=Consumer;environment=Prod_southindia_prod-s01-004-apac-southindia;migrationStage=NotStarted}
{"logTime": "0102/170928", "correlationVector":"ZPQKq8YPx+0b7dtuZDJMq5","action":"Commit Request", "result":"", "context":Item count: 1
Contributing types: Sessions}
{"logTime": "0102/170928", "correlationVector":"ZPQKq8YPx+0b7dtuZDJMq5.1","action":"SyncServerConnectionManagerRequest", "result":"SYNC_SERVER_OK", "context":{"environment":"Prod_southindia_prod-s01-004-apac-southindia", "migrationStage":"NotStarted", "server":"akswtt00800000w"}}
{"logTime": "0102/170928", "correlationVector":"ZPQKq8YPx+0b7dtuZDJMq5.2","action":"Commit Response", "result":"Success", "context":Result: Success. cV=ZPQKq8YPx+0b7dtuZDJMq5.0;server=akswtt00800000w;cloudType=Consumer;environment=Prod_southindia_prod-s01-004-apac-southindia;migrationStage=NotStarted}
{"logTime": "0102/171046", "correlationVector":"dcjb0pTNdYkaOoPqgfkQYt","action":"Commit Request", "result":"", "context":Item count: 1
Contributing types: Sessions}
{"logTime": "0102/171046", "correlationVector":"dcjb0pTNdYkaOoPqgfkQYt.1","action":"SyncServerConnectionManagerRequest", "result":"SYNC_SERVER_OK", "context":{"environment":"Prod_southindia_prod-s01-004-apac-southindia", "migrationStage":"NotStarted", "server":"akswtt00800002a"}}
{"logTime": "0102/171046", "correlationVector":"dcjb0pTNdYkaOoPqgfkQYt.2","action":"Commit Response", "result":"Success", "context":Result: Success. cV=dcjb0pTNdYkaOoPqgfkQYt.0;server=akswtt00800002a;cloudType=Consumer;environment=Prod_southindia_prod-s01-004-apac-southindia;migrationStage=NotStarted}
{"logTime": "0102/172110", "correlationVector":"IlqmAiiOCI5O/vorvZh6uy","action":"Commit Request", "result":"", "context":Item count: 1
Contributing types: Sessions}
{"logTime": "0102/172111", "correlationVector":"IlqmAiiOCI5O/vorvZh6uy.1","action":"SyncServerConnectionManagerRequest", "result":"SYNC_SERVER_OK", "context":{"environment":"Prod_southindia_prod-s01-004-apac-southindia", "migrationStage":"NotStarted", "server":"akswtt00800001c"}}
{"logTime": "0102/172111", "correlationVector":"IlqmAiiOCI5O/vorvZh6uy.2","action":"Commit Response", "result":"Success", "context":Result: Success. cV=IlqmAiiOCI5O/vorvZh6uy.0;server=akswtt00800001c;cloudType=Consumer;environment=Prod_southindia_prod-s01-004-apac-southindia;migrationStage=NotStarted}
{"logTime": "0102/173104", "correlationVector":"FFCeIZODVWjcy3TnsIj1lS","action":"Commit Request", "result":"", "context":Item count: 1
Contributing types: Sessions}
{"logTime": "0102/173104", "correlationVector":"FFCeIZODVWjcy3TnsIj1lS.1","action":"SyncServerConnectionManagerRequest", "result":"SYNC_SERVER_OK", "context":{"environment":"Prod_southindia_prod-s01-004-apac-southindia", "migrationStage":"NotStarted", "server":"akswtt008000005"}}
{"logTime": "0102/173104", "correlationVector":"FFCeIZODVWjcy3TnsIj1lS.2","action":"Commit Response", "result":"Success", "context":Result: Success. cV=FFCeIZODVWjcy3TnsIj1lS.0;server=akswtt008000005;cloudType=Consumer;environment=Prod_southindia_prod-s01-004-apac-southindia;migrationStage=NotStarted}
{"logTime": "0102/173339", "correlationVector":"bWh3IR61p89ZLLGKOkRO5T","action":"Commit Request", "result":"", "context":Item count: 1
Contributing types: Sessions}
{"logTime": "0102/173339", "correlationVector":"bWh3IR61p89ZLLGKOkRO5T.1","action":"SyncServerConnectionManagerRequest", "result":"SYNC_SERVER_OK", "context":{"environment":"Prod_southindia_prod-s01-004-apac-southindia", "migrationStage":"NotStarted", "server":"akswtt00800002i"}}
{"logTime": "0102/173339", "correlationVector":"bWh3IR61p89ZLLGKOkRO5T.2","action":"Commit Response", "result":"Success", "context":Result: Success. cV=bWh3IR61p89ZLLGKOkRO5T.0;server=akswtt00800002i;cloudType=Consumer;environment=Prod_southindia_prod-s01-004-apac-southindia;migrationStage=NotStarted}
{"logTime": "0102/173443", "correlationVector":"QsGx09rm2sDO/vfUe8LeV+","action":"Commit Request", "result":"", "context":Item count: 1
Contributing types: Sessions}
{"logTime": "0102/173443", "correlationVector":"QsGx09rm2sDO/vfUe8LeV+.1","action":"SyncServerConnectionManagerRequest", "result":"SYNC_SERVER_OK", "context":{"environment":"Prod_southindia_prod-s01-004-apac-southindia", "migrationStage":"NotStarted", "server":"akswtt00800000c"}}
{"logTime": "0102/173443", "correlationVector":"QsGx09rm2sDO/vfUe8LeV+.2","action":"Commit Response", "result":"Success", "context":Result: Success. cV=QsGx09rm2sDO/vfUe8LeV+.0;server=akswtt00800000c;cloudType=Consumer;environment=Prod_southindia_prod-s01-004-apac-southindia;migrationStage=NotStarted}
{"logTime": "0102/174449", "correlationVector":"bo6vfV/2/yZ5GS+Gc6WDzt","action":"Commit Request", "result":"", "context":Item count: 1
Contributing types: Sessions}
{"logTime": "0102/174450", "correlationVector":"bo6vfV/2/yZ5GS+Gc6WDzt.1","action":"SyncServerConnectionManagerRequest", "result":"SYNC_SERVER_OK", "context":{"environment":"Prod_southindia_prod-s01-004-apac-southindia", "migrationStage":"NotStarted", "server":"akswtt00800000r"}}
{"logTime": "0102/174450", "correlationVector":"bo6vfV/2/yZ5GS+Gc6WDzt.2","action":"Commit Response", "result":"Success", "context":Result: Success. cV=bo6vfV/2/yZ5GS+Gc6WDzt.0;server=akswtt00800000r;cloudType=Consumer;environment=Prod_southindia_prod-s01-004-apac-southindia;migrationStage=NotStarted}
{"logTime": "0102/174610", "correlationVector":"lT6LHYS5K9QsWoGzTW3n0C","action":"Commit Request", "result":"", "context":Item count: 1
Contributing types: Sessions}
{"logTime": "0102/174610", "correlationVector":"lT6LHYS5K9QsWoGzTW3n0C.1","action":"SyncServerConnectionManagerRequest", "result":"SYNC_SERVER_OK", "context":{"environment":"Prod_southindia_prod-s01-004-apac-southindia", "migrationStage":"NotStarted", "server":"akswtt008000002"}}
{"logTime": "0102/174610", "correlationVector":"lT6LHYS5K9QsWoGzTW3n0C.2","action":"Commit Response", "result":"Success", "context":Result: Success. cV=lT6LHYS5K9QsWoGzTW3n0C.0;server=akswtt008000002;cloudType=Consumer;environment=Prod_southindia_prod-s01-004-apac-southindia;migrationStage=NotStarted}
{"logTime": "0102/175128", "correlationVector":"0P95FqSmorW/nHSp+D0OtJ","action":"Commit Request", "result":"", "context":Item count: 1
Contributing types: Sessions}
{"logTime": "0102/175129", "correlationVector":"0P95FqSmorW/nHSp+D0OtJ.1","action":"SyncServerConnectionManagerRequest", "result":"SYNC_SERVER_OK", "context":{"environment":"Prod_southindia_prod-s01-004-apac-southindia", "migrationStage":"NotStarted", "server":"akswtt008000018"}}
{"logTime": "0102/175129", "correlationVector":"0P95FqSmorW/nHSp+D0OtJ.2","action":"Commit Response", "result":"Success", "context":Result: Success. cV=0P95FqSmorW/nHSp+D0OtJ.0;server=akswtt008000018;cloudType=Consumer;environment=Prod_southindia_prod-s01-004-apac-southindia;migrationStage=NotStarted}
{"logTime": "0102/175834", "correlationVector":"tBHyYX73OBzxxz8uzmvhEI","action":"Commit Request", "result":"", "context":Item count: 1
Contributing types: Sessions}
{"logTime": "0102/175834", "correlationVector":"tBHyYX73OBzxxz8uzmvhEI.1","action":"SyncServerConnectionManagerRequest", "result":"SYNC_SERVER_OK", "context":{"environment":"Prod_southindia_prod-s01-004-apac-southindia", "migrationStage":"NotStarted", "server":"akswtt00800001m"}}
{"logTime": "0102/175834", "correlationVector":"tBHyYX73OBzxxz8uzmvhEI.2","action":"Commit Response", "result":"Success", "context":Result: Success. cV=tBHyYX73OBzxxz8uzmvhEI.0;server=akswtt00800001m;cloudType=Consumer;environment=Prod_southindia_prod-s01-004-apac-southindia;migrationStage=NotStarted}
{"logTime": "0102/180658", "correlationVector":"iBEpjkZgjQiIiBvSciDLjI.1","action":"SyncServerConnectionManagerRequest", "result":"SYNC_SERVER_OK", "context":{"environment":"Prod_southindia_prod-s01-004-apac-southindia", "migrationStage":"NotStarted", "server":"akswtt008000016"}}
{"logTime": "0102/180700", "correlationVector":"hFJNDgG1YK8wB4MxsO0YNM","action":"SyncServerConnectionManagerRequest", "result":"SYNC_SERVER_OK", "context":{"environment":"", "migrationStage":"", "server":""}}
{"logTime": "0102/180700", "correlationVector":"iBEpjkZgjQiIiBvSciDLjI","action":"Initial GetUpdates", "result":"", "context":Reason: NEW_CLIENT. cV=iBEpjkZgjQiIiBvSciDLjI}
{"logTime": "0102/180700", "correlationVector":"iBEpjkZgjQiIiBvSciDLjI.2","action":"GetUpdates Response", "result":"Success", "context":Received 1 update(s). cV=iBEpjkZgjQiIiBvSciDLjI.0;server=akswtt008000016;cloudType=Consumer;environment=Prod_southindia_prod-s01-004-apac-southindia;migrationStage=NotStarted}
{"logTime": "0102/180702", "correlationVector":"DJUeldkan06JwCw6pRrXwN","action":"Normal GetUpdate request", "result":"", "context":cV=DJUeldkan06JwCw6pRrXwN
Nudged types: Sessions
Refresh requested types: Bookmarks, Preferences, Passwords, Autofill Profiles, Autofill, Typed URLs, Extensions, Sessions, Extension settings, History Delete Directives, Device Info, User Consents, Send Tab To Self, Web Apps, Collection, Edge E Drop, Edge Hub App Usage, Edge Tab Group, Edge Wallet, Encryption Keys}
{"logTime": "0102/180703", "correlationVector":"DJUeldkan06JwCw6pRrXwN.1","action":"SyncServerConnectionManagerRequest", "result":"SYNC_SERVER_OK", "context":{"environment":"Prod_southindia_prod-s01-004-apac-southindia", "migrationStage":"NotStarted", "server":"akswtt00800001w"}}
{"logTime": "0102/180703", "correlationVector":"DJUeldkan06JwCw6pRrXwN.2","action":"GetUpdates Response", "result":"Success", "context":Received 3 update(s). cV=DJUeldkan06JwCw6pRrXwN.0;server=akswtt00800001w;cloudType=Consumer;environment=Prod_southindia_prod-s01-004-apac-southindia;migrationStage=NotStarted}
{"logTime": "0102/180705", "correlationVector":"Hri6g3TFJY6O4+GU5e/jsF","action":"Commit Request", "result":"", "context":Item count: 3
Contributing types: Sessions}
{"logTime": "0102/180706", "correlationVector":"Hri6g3TFJY6O4+GU5e/jsF.1","action":"SyncServerConnectionManagerRequest", "result":"SYNC_SERVER_OK", "context":{"environment":"Prod_southindia_prod-s01-004-apac-southindia", "migrationStage":"NotStarted", "server":"akswtt00800000p"}}
{"logTime": "0102/180706", "correlationVector":"Hri6g3TFJY6O4+GU5e/jsF.3","action":"Commit.Sessions", "result":"Success", "context":{"id":"aa76d00d-ba9d-4b86-b3ba-5ce98ff7af54", "isDeleted":"true", "size":"0", "version":"1735840715732"}}
{"logTime": "0102/180706", "correlationVector":"Hri6g3TFJY6O4+GU5e/jsF.2","action":"Commit Response", "result":"Success", "context":Result: Success. cV=Hri6g3TFJY6O4+GU5e/jsF.0;server=akswtt00800000p;cloudType=Consumer;environment=Prod_southindia_prod-s01-004-apac-southindia;migrationStage=NotStarted}
{"logTime": "0102/180736", "correlationVector":"PsjfspANSVvG7qZaIx986w","action":"Commit Request", "result":"", "context":Item count: 1
Contributing types: Sessions}
{"logTime": "0102/180736", "correlationVector":"PsjfspANSVvG7qZaIx986w.1","action":"SyncServerConnectionManagerRequest", "result":"SYNC_SERVER_OK", "context":{"environment":"Prod_southindia_prod-s01-004-apac-southindia", "migrationStage":"NotStarted", "server":"akswtt00800000l"}}
{"logTime": "0102/180736", "correlationVector":"PsjfspANSVvG7qZaIx986w.2","action":"Commit Response", "result":"Success", "context":Result: Success. cV=PsjfspANSVvG7qZaIx986w.0;server=akswtt00800000l;cloudType=Consumer;environment=Prod_southindia_prod-s01-004-apac-southindia;migrationStage=NotStarted}
{"logTime": "0103/142640", "correlationVector":"Hy154zJ0wwB5oPHfb3y2QS.1","action":"SyncServerConnectionManagerRequest", "result":"SYNC_SERVER_OK", "context":{"environment":"Prod_southindia_prod-s01-004-apac-southindia", "migrationStage":"NotStarted", "server":"akswtt00800003n"}}
{"logTime": "0103/142641", "correlationVector":"5fZEALS/WorJYiqfp5ZwQG","action":"SyncServerConnectionManagerRequest", "result":"SYNC_SERVER_OK", "context":{"environment":"", "migrationStage":"", "server":""}}
{"logTime": "0103/142641", "correlationVector":"Hy154zJ0wwB5oPHfb3y2QS","action":"Initial GetUpdates", "result":"", "context":Reason: NEW_CLIENT. cV=Hy154zJ0wwB5oPHfb3y2QS}
{"logTime": "0103/142641", "correlationVector":"Hy154zJ0wwB5oPHfb3y2QS.2","action":"GetUpdates Response", "result":"Success", "context":Received 1 update(s). cV=Hy154zJ0wwB5oPHfb3y2QS.0;server=akswtt00800003n;cloudType=Consumer;environment=Prod_southindia_prod-s01-004-apac-southindia;migrationStage=NotStarted}
{"logTime": "0103/142646", "correlationVector":"UaWoKgpLX8zXw5CJdIgLu+","action":"Normal GetUpdate request", "result":"", "context":cV=UaWoKgpLX8zXw5CJdIgLu+
Refresh requested types: Bookmarks, Passwords, Autofill Profiles, Autofill, Typed URLs, Edge Wallet, Encryption Keys}
{"logTime": "0103/142646", "correlationVector":"UaWoKgpLX8zXw5CJdIgLu+.1","action":"SyncServerConnectionManagerRequest", "result":"SYNC_SERVER_OK", "context":{"environment":"Prod_southindia_prod-s01-004-apac-southindia", "migrationStage":"NotStarted", "server":"akswtt008000029"}}
{"logTime": "0103/142646", "correlationVector":"UaWoKgpLX8zXw5CJdIgLu+.2","action":"GetUpdates Response", "result":"Success", "context":Received 0 update(s). cV=UaWoKgpLX8zXw5CJdIgLu+.0;server=akswtt008000029;cloudType=Consumer;environment=Prod_southindia_prod-s01-004-apac-southindia;migrationStage=NotStarted}
