2025-01-02 15:39:07.021: [INFO][Sync] Reset engine, reason: 8
2025-01-02 15:39:07.021: [INFO][Sync] Stopped: Bookmarks
2025-01-02 15:39:07.021: [INFO][Sync] Stopped: Preferences
2025-01-02 15:39:07.021: [INFO][Sync] Stopped: Passwords
2025-01-02 15:39:07.021: [INFO][Sync] Stopped: Autofill Profiles
2025-01-02 15:39:07.021: [INFO][Sync] Stopped: Autofill
2025-01-02 15:39:07.021: [INFO][Sync] Stopped: Typed URLs
2025-01-02 15:39:07.021: [INFO][Sync] Stopped: Extensions
2025-01-02 15:39:07.021: [INFO][Sync] Stopped: Sessions
2025-01-02 15:39:07.021: [INFO][Sync] Stopped: Extension settings
2025-01-02 15:39:07.021: [INFO][Sync] Stopped: History Delete Directives
2025-01-02 15:39:07.021: [INFO][Sync] Stopped: Device Info
2025-01-02 15:39:07.021: [INFO][Sync] Stopped: User Consents
2025-01-02 15:39:07.021: [INFO][Sync] Stopped: Send Tab To Self
2025-01-02 15:39:07.021: [INFO][Sync] Stopped: Web Apps
2025-01-02 15:39:07.021: [INFO][Sync] Stopped: History
2025-01-02 15:39:07.021: [INFO][Sync] Stopped: Collection
2025-01-02 15:39:07.021: [INFO][Sync] Stopped: Edge E Drop
2025-01-02 15:39:07.021: [INFO][Sync] Stopped: Edge Hub App Usage
2025-01-02 15:39:07.021: [INFO][Sync] Stopped: Edge Tab Group
2025-01-02 15:39:07.021: [INFO][Sync] Stopped: Edge Wallet
2025-01-02 15:39:07.022: [INFO][Sync] SyncState after authenticated was: NotSignedIn
2025-01-02 15:39:15.809: [INFO][Sync] Reset engine, reason: 8
2025-01-02 15:39:15.810: [INFO][Sync] Stopped: Bookmarks
2025-01-02 15:39:15.810: [INFO][Sync] Stopped: Preferences
2025-01-02 15:39:15.810: [INFO][Sync] Stopped: Passwords
2025-01-02 15:39:15.810: [INFO][Sync] Stopped: Autofill Profiles
2025-01-02 15:39:15.810: [INFO][Sync] Stopped: Autofill
2025-01-02 15:39:15.810: [INFO][Sync] Stopped: Typed URLs
2025-01-02 15:39:15.810: [INFO][Sync] Stopped: Extensions
2025-01-02 15:39:15.810: [INFO][Sync] Stopped: Sessions
2025-01-02 15:39:15.810: [INFO][Sync] Stopped: Extension settings
2025-01-02 15:39:15.810: [INFO][Sync] Stopped: History Delete Directives
2025-01-02 15:39:15.810: [INFO][Sync] Stopped: Device Info
2025-01-02 15:39:15.810: [INFO][Sync] Stopped: User Consents
2025-01-02 15:39:15.810: [INFO][Sync] Stopped: Send Tab To Self
2025-01-02 15:39:15.810: [INFO][Sync] Stopped: Web Apps
2025-01-02 15:39:15.810: [INFO][Sync] Stopped: History
2025-01-02 15:39:15.810: [INFO][Sync] Stopped: Collection
2025-01-02 15:39:15.810: [INFO][Sync] Stopped: Edge E Drop
2025-01-02 15:39:15.810: [INFO][Sync] Stopped: Edge Hub App Usage
2025-01-02 15:39:15.811: [INFO][Sync] Stopped: Edge Tab Group
2025-01-02 15:39:15.811: [INFO][Sync] Stopped: Edge Wallet
2025-01-02 15:39:23.664: [INFO][Sync] Try to start sync engine
2025-01-02 15:39:23.706: [INFO][SyncManagerImpl::NudgeForInitialDownload] Initial download nudge for Encryption Keys
2025-01-02 15:39:23.706: [INFO][SyncEngineBackend::LoadAndConnectNigoriController] Load and connect Nigori controller
2025-01-02 15:39:23.706: [INFO][SyncEngineBackend::DoInitialize] Control Types added: Encryption Keys
2025-01-02 15:39:23.706: [INFO][SyncManagerImpl::ConfigureSyncer] Types to download: Encryption Keys with reason: 3
2025-01-02 15:39:23.979: [INFO][SyncSchedulerImpl::DoConfigurationSyncCycleJob] Configure job was blocked
2025-01-02 15:39:28.589: [INFO][SyncAuthManager::SetLastAuthError] Current auth error: None
2025-01-02 15:39:28.589: [INFO][SyncAuthManager::EdgeLogTokenErrorState] Token error with: None for account type: MSA
2025-01-02 15:39:28.589: [INFO][Sync] Credentials changed for: EdgeSyncScopeNew
2025-01-02 15:39:47.659: [INFO][SyncAuthManager::SetLastAuthError] Current auth error: None
2025-01-02 15:39:47.659: [INFO][SyncAuthManager::EdgeLogTokenErrorState] Token error with: None for account type: MSA
2025-01-02 15:39:47.659: [INFO][Sync] Credentials changed for: EdgeSyncKeyDataScope
2025-01-02 15:39:47.659: [INFO][SyncEngineBackend::DoUpdateKeyDataCredentials] Update key data credentials
2025-01-02 15:39:47.659: [INFO][SyncEngineBackend::DoUpdateCredentials] Update credentials
2025-01-02 15:39:47.659: [INFO][SyncSchedulerImpl::DoConfigurationSyncCycleJob] Blocked types:  and types to download: Encryption Keys
2025-01-02 15:39:48.678: [INFO][Sync] Started DataTypeManager configuration, reason: 4
2025-01-02 15:39:48.678: [INFO][Sync] Configuring for: Bookmarks, Preferences, Passwords, Autofill Profiles, Autofill, Typed URLs, Extensions, Sessions, Extension settings, History Delete Directives, Device Info, User Consents, Send Tab To Self, Web Apps, Collection, Edge E Drop, Edge Hub App Usage, Edge Tab Group, Edge Wallet, Encryption Keys, reason: 3, current state: 0
2025-01-02 15:39:48.722: [INFO][Sync] Configure, desired: Bookmarks, Preferences, Typed URLs, Extensions, Sessions, Extension settings, History Delete Directives, Device Info, User Consents, Send Tab To Self, Web Apps, Collection, Edge E Drop, Edge Hub App Usage, Edge Tab Group, Edge Wallet, Encryption Keys; Allow fail: Passwords, Autofill Profiles, Autofill
2025-01-02 15:39:48.731: [INFO][Sync] Loading: Bookmarks
2025-01-02 15:39:48.736: [INFO][Sync] Loading: Preferences
2025-01-02 15:39:48.736: [INFO][Sync] Loading: Typed URLs
2025-01-02 15:39:48.736: [INFO][Sync] Loading: Extensions
2025-01-02 15:39:48.748: [INFO][Sync] Loading: Sessions
2025-01-02 15:39:48.748: [INFO][Sync] Loading: Extension settings
2025-01-02 15:39:48.748: [INFO][Sync] Loading: History Delete Directives
2025-01-02 15:39:48.748: [INFO][Sync] Loading: Device Info
2025-01-02 15:39:48.772: [INFO][Sync] Loading: User Consents
2025-01-02 15:39:48.773: [INFO][Sync] Loading: Send Tab To Self
2025-01-02 15:39:48.773: [INFO][Sync] Loading: Web Apps
2025-01-02 15:39:48.773: [INFO][Sync] Loading: Collection
2025-01-02 15:39:48.773: [INFO][Sync] Loading: Edge E Drop
2025-01-02 15:39:48.773: [INFO][Sync] Loading: Edge Hub App Usage
2025-01-02 15:39:48.783: [INFO][Sync] Loading: Edge Tab Group
2025-01-02 15:39:48.783: [INFO][Sync] Loading: Edge Wallet
2025-01-02 15:39:48.827: [INFO][Sync] All data types are ready for configure.
2025-01-02 15:39:49.785: [INFO][Sync] Started DataTypeManager configuration, reason: 5
2025-01-02 15:39:49.785: [INFO][Sync] Configuring for: Bookmarks, Preferences, Passwords, Autofill Profiles, Autofill, Typed URLs, Extensions, Sessions, Extension settings, History Delete Directives, Device Info, User Consents, Send Tab To Self, Web Apps, Collection, Edge E Drop, Edge Hub App Usage, Edge Tab Group, Edge Wallet, Encryption Keys, reason: 5, current state: 1
2025-01-02 15:39:49.848: [INFO][SyncEngineBackend::DoStartConfiguration] Start configuration
2025-01-02 15:39:49.866: [INFO][SyncManagerImpl::NudgeForInitialDownload] Initial download nudge for Bookmarks
2025-01-02 15:39:49.866: [INFO][SyncManagerImpl::NudgeForInitialDownload] Initial download nudge for Preferences
2025-01-02 15:39:49.866: [INFO][SyncManagerImpl::NudgeForInitialDownload] Initial download nudge for Typed URLs
2025-01-02 15:39:49.866: [INFO][SyncManagerImpl::NudgeForInitialDownload] Initial download nudge for Extensions
2025-01-02 15:39:49.866: [INFO][SyncManagerImpl::NudgeForInitialDownload] Initial download nudge for Sessions
2025-01-02 15:39:49.866: [INFO][SyncManagerImpl::NudgeForInitialDownload] Initial download nudge for Extension settings
2025-01-02 15:39:49.866: [INFO][SyncManagerImpl::NudgeForInitialDownload] Initial download nudge for History Delete Directives
2025-01-02 15:39:49.866: [INFO][SyncManagerImpl::NudgeForInitialDownload] Initial download nudge for Device Info
2025-01-02 15:39:49.866: [INFO][SyncManagerImpl::NudgeForInitialDownload] Initial download nudge for Send Tab To Self
2025-01-02 15:39:49.866: [INFO][SyncManagerImpl::NudgeForInitialDownload] Initial download nudge for Web Apps
2025-01-02 15:39:49.866: [INFO][SyncManagerImpl::NudgeForInitialDownload] Initial download nudge for Collection
2025-01-02 15:39:49.866: [INFO][SyncManagerImpl::NudgeForInitialDownload] Initial download nudge for Edge E Drop
2025-01-02 15:39:49.866: [INFO][SyncManagerImpl::NudgeForInitialDownload] Initial download nudge for Edge Hub App Usage
2025-01-02 15:39:49.866: [INFO][SyncManagerImpl::NudgeForInitialDownload] Initial download nudge for Edge Tab Group
2025-01-02 15:39:49.866: [INFO][SyncManagerImpl::NudgeForInitialDownload] Initial download nudge for Edge Wallet
2025-01-02 15:39:49.866: [INFO][SyncManagerImpl::ConfigureSyncer] Types to download:  with reason: 3
2025-01-02 15:39:49.867: [INFO][SyncEngineBackend::DoFinishConfigureDataTypes] Failed to download types:  and succeeded types: 
2025-01-02 15:39:49.883: [INFO][Sync] ConfigurationDone, failed: , succeeded: , remaining count: 3
2025-01-02 15:39:49.883: [WARN][Sync]     Reconfigure requested while configuration ongoing.
2025-01-02 15:39:49.883: [INFO][Sync] Configuring for: Bookmarks, Preferences, Passwords, Autofill Profiles, Autofill, Typed URLs, Extensions, Sessions, Extension settings, History Delete Directives, Device Info, User Consents, Send Tab To Self, Web Apps, Collection, Edge E Drop, Edge Hub App Usage, Edge Tab Group, Edge Wallet, Encryption Keys, reason: 5, current state: 2
2025-01-02 15:39:49.883: [INFO][Sync] Configure, desired: Bookmarks, Preferences, Passwords, Autofill Profiles, Autofill, Typed URLs, Extensions, Sessions, Extension settings, History Delete Directives, Device Info, User Consents, Send Tab To Self, Web Apps, Collection, Edge E Drop, Edge Hub App Usage, Edge Tab Group, Edge Wallet, Encryption Keys; Allow fail: 
2025-01-02 15:39:49.900: [INFO][Sync] Loading: Passwords
2025-01-02 15:39:49.900: [INFO][Sync] Loading: Autofill Profiles
2025-01-02 15:39:49.900: [INFO][Sync] Loading: Autofill
2025-01-02 15:39:49.901: [INFO][Sync] All data types are ready for configure.
2025-01-02 15:39:49.901: [INFO][SyncManagerImpl::NudgeForInitialDownload] Initial download nudge for Passwords
2025-01-02 15:39:49.901: [INFO][SyncManagerImpl::NudgeForInitialDownload] Initial download nudge for Autofill Profiles
2025-01-02 15:39:49.901: [INFO][SyncManagerImpl::NudgeForInitialDownload] Initial download nudge for Autofill
2025-01-02 15:39:49.901: [INFO][SyncManagerImpl::ConfigureSyncer] Types to download:  with reason: 5
2025-01-02 15:39:49.901: [INFO][SyncEngineBackend::DoFinishConfigureDataTypes] Failed to download types:  and succeeded types: 
2025-01-02 15:39:49.901: [INFO][Sync] ConfigurationDone, failed: , succeeded: , remaining count: 3
2025-01-02 15:39:49.914: [INFO][Sync] Prepare to configure types: Preferences, Passwords, Device Info, Send Tab To Self, Edge E Drop, Encryption Keys
2025-01-02 15:39:49.915: [INFO][SyncManagerImpl::ConfigureSyncer] Types to download: Preferences, Passwords, Device Info, Send Tab To Self, Edge E Drop, Encryption Keys with reason: 5
2025-01-02 15:39:49.915: [INFO][SyncSchedulerImpl::DoConfigurationSyncCycleJob] Blocked types:  and types to download: Preferences, Passwords, Device Info, Send Tab To Self, Edge E Drop, Encryption Keys
2025-01-02 15:39:50.417: [INFO][SyncEngineBackend::DoFinishConfigureDataTypes] Failed to download types:  and succeeded types: Preferences, Passwords, Device Info, Send Tab To Self, Edge E Drop, Encryption Keys
2025-01-02 15:39:51.248: [INFO][Sync] ConfigurationDone, failed: , succeeded: Preferences, Passwords, Device Info, Send Tab To Self, Edge E Drop, Encryption Keys, remaining count: 2
2025-01-02 15:39:51.248: [INFO][Sync] Prepare to configure types: Bookmarks, Encryption Keys
2025-01-02 15:39:51.248: [INFO][SyncManagerImpl::ConfigureSyncer] Types to download: Bookmarks, Encryption Keys with reason: 5
2025-01-02 15:39:51.248: [INFO][SyncSchedulerImpl::DoConfigurationSyncCycleJob] Blocked types:  and types to download: Bookmarks, Encryption Keys
2025-01-02 15:39:51.551: [INFO][SyncEngineBackend::DoFinishConfigureDataTypes] Failed to download types:  and succeeded types: Bookmarks, Encryption Keys
2025-01-02 15:39:52.242: [INFO][Sync] ConfigurationDone, failed: , succeeded: Bookmarks, Encryption Keys, remaining count: 1
2025-01-02 15:39:52.244: [INFO][Sync] Prepare to configure types: Autofill Profiles, Autofill, Typed URLs, Extensions, Sessions, Extension settings, History Delete Directives, Web Apps, Collection, Edge Hub App Usage, Edge Tab Group, Edge Wallet, Encryption Keys
2025-01-02 15:39:52.244: [INFO][SyncManagerImpl::ConfigureSyncer] Types to download: Autofill Profiles, Autofill, Typed URLs, Extensions, Sessions, Extension settings, History Delete Directives, Web Apps, Collection, Edge Hub App Usage, Edge Tab Group, Edge Wallet, Encryption Keys with reason: 5
2025-01-02 15:39:52.244: [INFO][SyncSchedulerImpl::DoConfigurationSyncCycleJob] Blocked types:  and types to download: Autofill Profiles, Autofill, Typed URLs, Extensions, Sessions, Extension settings, History Delete Directives, Web Apps, Collection, Edge Hub App Usage, Edge Tab Group, Edge Wallet, Encryption Keys
2025-01-02 15:39:52.854: [INFO][SyncEngineBackend::DoFinishConfigureDataTypes] Failed to download types:  and succeeded types: Autofill Profiles, Autofill, Typed URLs, Extensions, Sessions, Extension settings, History Delete Directives, Web Apps, Collection, Edge Hub App Usage, Edge Tab Group, Edge Wallet, Encryption Keys
2025-01-02 15:39:53.415: [INFO][Sync] ConfigurationDone, failed: , succeeded: Autofill Profiles, Autofill, Typed URLs, Extensions, Sessions, Extension settings, History Delete Directives, Web Apps, Collection, Edge Hub App Usage, Edge Tab Group, Edge Wallet, Encryption Keys, remaining count: 0
2025-01-02 15:39:53.418: [INFO][Sync]     Configuration completed, state: 7
2025-01-02 15:39:53.484: [INFO][Sync] Configured DataTypeManager: Ok
2025-01-02 15:39:53.488: [INFO][SyncEngineBackend::DoStartSyncing] Start syncing
2025-01-02 15:41:46.427: [INFO][Sync] Reset engine, reason: 0
2025-01-02 15:44:20.375: [INFO][Sync] SyncState after authenticated was: FeatureCanStart
2025-01-02 15:44:26.821: [INFO][Sync] Try to start sync engine
2025-01-02 15:44:26.824: [INFO][SyncManagerImpl::NudgeForInitialDownload] Initial download nudge for Encryption Keys
2025-01-02 15:44:26.824: [INFO][SyncEngineBackend::LoadAndConnectNigoriController] Load and connect Nigori controller
2025-01-02 15:44:26.824: [INFO][SyncEngineBackend::DoInitialize] Control Types added: Encryption Keys
2025-01-02 15:44:26.824: [INFO][SyncManagerImpl::ConfigureSyncer] Types to download: Encryption Keys with reason: 3
2025-01-02 15:44:26.825: [INFO][SyncSchedulerImpl::DoConfigurationSyncCycleJob] Configure job was blocked
2025-01-02 15:44:27.237: [INFO][SyncAuthManager::SetLastAuthError] Current auth error: None
2025-01-02 15:44:27.237: [INFO][SyncAuthManager::EdgeLogTokenErrorState] Token error with: None for account type: MSA
2025-01-02 15:44:27.237: [INFO][Sync] Credentials changed for: EdgeSyncScopeNew
2025-01-02 15:44:28.289: [INFO][SyncAuthManager::SetLastAuthError] Current auth error: None
2025-01-02 15:44:28.289: [INFO][SyncAuthManager::EdgeLogTokenErrorState] Token error with: None for account type: MSA
2025-01-02 15:44:28.289: [INFO][Sync] Credentials changed for: EdgeSyncKeyDataScope
2025-01-02 15:44:28.290: [INFO][SyncEngineBackend::DoUpdateKeyDataCredentials] Update key data credentials
2025-01-02 15:44:28.290: [INFO][SyncEngineBackend::DoUpdateCredentials] Update credentials
2025-01-02 15:44:28.290: [INFO][SyncSchedulerImpl::DoConfigurationSyncCycleJob] Blocked types:  and types to download: Encryption Keys
2025-01-02 15:44:28.869: [INFO][Sync] Started DataTypeManager configuration, reason: 4
2025-01-02 15:44:28.870: [INFO][Sync] Configuring for: Bookmarks, Preferences, Passwords, Autofill Profiles, Autofill, Typed URLs, Extensions, Sessions, Extension settings, History Delete Directives, Device Info, User Consents, Send Tab To Self, Web Apps, Collection, Edge E Drop, Edge Hub App Usage, Edge Tab Group, Edge Wallet, Encryption Keys, reason: 4, current state: 0
2025-01-02 15:44:28.873: [INFO][Sync] Configure, desired: Bookmarks, Preferences, Typed URLs, Extensions, Sessions, Extension settings, History Delete Directives, Device Info, User Consents, Send Tab To Self, Web Apps, Collection, Edge E Drop, Edge Hub App Usage, Edge Tab Group, Edge Wallet, Encryption Keys; Allow fail: Passwords, Autofill Profiles, Autofill
2025-01-02 15:44:28.873: [INFO][Sync] Loading: Bookmarks
2025-01-02 15:44:28.873: [INFO][Sync] Loading: Preferences
2025-01-02 15:44:28.873: [INFO][Sync] Loading: Typed URLs
2025-01-02 15:44:28.873: [INFO][Sync] Loading: Extensions
2025-01-02 15:44:28.873: [INFO][Sync] Loading: Sessions
2025-01-02 15:44:28.874: [INFO][Sync] Loading: Extension settings
2025-01-02 15:44:28.874: [INFO][Sync] Loading: History Delete Directives
2025-01-02 15:44:28.874: [INFO][Sync] Loading: Device Info
2025-01-02 15:44:28.874: [INFO][Sync] Loading: User Consents
2025-01-02 15:44:28.874: [INFO][Sync] Loading: Send Tab To Self
2025-01-02 15:44:28.874: [INFO][Sync] Loading: Web Apps
2025-01-02 15:44:28.874: [INFO][Sync] Loading: Collection
2025-01-02 15:44:28.874: [INFO][Sync] Loading: Edge E Drop
2025-01-02 15:44:28.875: [INFO][Sync] Loading: Edge Hub App Usage
2025-01-02 15:44:28.875: [INFO][Sync] Loading: Edge Tab Group
2025-01-02 15:44:28.875: [INFO][Sync] Loading: Edge Wallet
2025-01-02 15:44:28.895: [INFO][Sync] All data types are ready for configure.
2025-01-02 15:44:29.571: [INFO][SyncEngineBackend::DoStartConfiguration] Start configuration
2025-01-02 15:44:29.572: [INFO][SyncManagerImpl::ConfigureSyncer] Types to download:  with reason: 4
2025-01-02 15:44:29.572: [INFO][SyncEngineBackend::DoFinishConfigureDataTypes] Failed to download types:  and succeeded types: 
2025-01-02 15:44:29.592: [INFO][Sync] Started DataTypeManager configuration, reason: 5
2025-01-02 15:44:29.592: [INFO][Sync] Configuring for: Bookmarks, Preferences, Passwords, Autofill Profiles, Autofill, Typed URLs, Extensions, Sessions, Extension settings, History Delete Directives, Device Info, User Consents, Send Tab To Self, Web Apps, Collection, Edge E Drop, Edge Hub App Usage, Edge Tab Group, Edge Wallet, Encryption Keys, reason: 5, current state: 1
2025-01-02 15:44:29.595: [INFO][Sync] ConfigurationDone, failed: , succeeded: , remaining count: 3
2025-01-02 15:44:29.595: [WARN][Sync]     Reconfigure requested while configuration ongoing.
2025-01-02 15:44:29.595: [INFO][Sync] Configuring for: Bookmarks, Preferences, Passwords, Autofill Profiles, Autofill, Typed URLs, Extensions, Sessions, Extension settings, History Delete Directives, Device Info, User Consents, Send Tab To Self, Web Apps, Collection, Edge E Drop, Edge Hub App Usage, Edge Tab Group, Edge Wallet, Encryption Keys, reason: 5, current state: 2
2025-01-02 15:44:29.595: [INFO][Sync] Configure, desired: Bookmarks, Preferences, Passwords, Autofill Profiles, Autofill, Typed URLs, Extensions, Sessions, Extension settings, History Delete Directives, Device Info, User Consents, Send Tab To Self, Web Apps, Collection, Edge E Drop, Edge Hub App Usage, Edge Tab Group, Edge Wallet, Encryption Keys; Allow fail: 
2025-01-02 15:44:29.595: [INFO][Sync] Loading: Passwords
2025-01-02 15:44:29.595: [INFO][Sync] Loading: Autofill Profiles
2025-01-02 15:44:29.595: [INFO][Sync] Loading: Autofill
2025-01-02 15:44:29.596: [INFO][Sync] All data types are ready for configure.
2025-01-02 15:44:29.597: [INFO][SyncManagerImpl::ConfigureSyncer] Types to download:  with reason: 5
2025-01-02 15:44:29.597: [INFO][SyncEngineBackend::DoFinishConfigureDataTypes] Failed to download types:  and succeeded types: 
2025-01-02 15:44:29.601: [INFO][Sync] ConfigurationDone, failed: , succeeded: , remaining count: 3
2025-01-02 15:44:29.602: [INFO][SyncManagerImpl::ConfigureSyncer] Types to download:  with reason: 5
2025-01-02 15:44:29.602: [INFO][SyncEngineBackend::DoFinishConfigureDataTypes] Failed to download types:  and succeeded types: 
2025-01-02 15:44:29.602: [INFO][Sync] ConfigurationDone, failed: , succeeded: , remaining count: 2
2025-01-02 15:44:29.602: [INFO][SyncManagerImpl::ConfigureSyncer] Types to download:  with reason: 5
2025-01-02 15:44:29.602: [INFO][SyncEngineBackend::DoFinishConfigureDataTypes] Failed to download types:  and succeeded types: 
2025-01-02 15:44:29.602: [INFO][Sync] ConfigurationDone, failed: , succeeded: , remaining count: 1
2025-01-02 15:44:29.604: [INFO][SyncManagerImpl::ConfigureSyncer] Types to download:  with reason: 5
2025-01-02 15:44:29.604: [INFO][SyncEngineBackend::DoFinishConfigureDataTypes] Failed to download types:  and succeeded types: 
2025-01-02 15:44:29.605: [INFO][Sync] ConfigurationDone, failed: , succeeded: , remaining count: 0
2025-01-02 15:44:29.606: [INFO][Sync]     Configuration completed, state: 7
2025-01-02 15:44:29.606: [INFO][Sync] Configured DataTypeManager: Ok
2025-01-02 15:44:29.608: [INFO][SyncEngineBackend::DoStartSyncing] Start syncing
2025-01-02 15:46:01.028: [INFO][Sync] Reset engine, reason: 0
2025-01-02 16:03:23.763: [INFO][Sync] SyncState after authenticated was: FeatureCanStart
2025-01-02 16:03:28.062: [INFO][Sync] Try to start sync engine
2025-01-02 16:03:28.063: [INFO][SyncManagerImpl::NudgeForInitialDownload] Initial download nudge for Encryption Keys
2025-01-02 16:03:28.064: [INFO][SyncEngineBackend::LoadAndConnectNigoriController] Load and connect Nigori controller
2025-01-02 16:03:28.064: [INFO][SyncEngineBackend::DoInitialize] Control Types added: Encryption Keys
2025-01-02 16:03:28.064: [INFO][SyncManagerImpl::ConfigureSyncer] Types to download: Encryption Keys with reason: 3
2025-01-02 16:03:28.155: [INFO][SyncSchedulerImpl::DoConfigurationSyncCycleJob] Configure job was blocked
2025-01-02 16:03:28.203: [INFO][SyncAuthManager::SetLastAuthError] Current auth error: None
2025-01-02 16:03:28.203: [INFO][SyncAuthManager::EdgeLogTokenErrorState] Token error with: None for account type: MSA
2025-01-02 16:03:28.203: [INFO][Sync] Credentials changed for: EdgeSyncScopeNew
2025-01-02 16:03:42.893: [INFO][SyncAuthManager::SetLastAuthError] Current auth error: None
2025-01-02 16:03:42.893: [INFO][SyncAuthManager::EdgeLogTokenErrorState] Token error with: None for account type: MSA
2025-01-02 16:03:42.903: [INFO][Sync] Credentials changed for: EdgeSyncKeyDataScope
2025-01-02 16:03:42.903: [INFO][SyncEngineBackend::DoUpdateKeyDataCredentials] Update key data credentials
2025-01-02 16:03:42.903: [INFO][SyncEngineBackend::DoUpdateCredentials] Update credentials
2025-01-02 16:03:42.911: [INFO][SyncSchedulerImpl::DoConfigurationSyncCycleJob] Blocked types:  and types to download: Encryption Keys
2025-01-02 16:03:45.688: [INFO][Sync] Started DataTypeManager configuration, reason: 4
2025-01-02 16:03:45.709: [INFO][Sync] Configuring for: Bookmarks, Preferences, Passwords, Autofill Profiles, Autofill, Typed URLs, Extensions, Sessions, Extension settings, History Delete Directives, Device Info, User Consents, Send Tab To Self, Web Apps, Collection, Edge E Drop, Edge Hub App Usage, Edge Tab Group, Edge Wallet, Encryption Keys, reason: 4, current state: 0
2025-01-02 16:03:45.877: [INFO][Sync] Configure, desired: Bookmarks, Preferences, Typed URLs, Extensions, Sessions, Extension settings, History Delete Directives, Device Info, User Consents, Send Tab To Self, Web Apps, Collection, Edge E Drop, Edge Hub App Usage, Edge Tab Group, Edge Wallet, Encryption Keys; Allow fail: Passwords, Autofill Profiles, Autofill
2025-01-02 16:03:45.879: [INFO][Sync] Loading: Bookmarks
2025-01-02 16:03:45.992: [INFO][Sync] Loading: Preferences
2025-01-02 16:03:45.992: [INFO][Sync] Loading: Typed URLs
2025-01-02 16:03:45.992: [INFO][Sync] Loading: Extensions
2025-01-02 16:03:46.063: [INFO][Sync] Loading: Sessions
2025-01-02 16:03:46.063: [INFO][Sync] Loading: Extension settings
2025-01-02 16:03:46.063: [INFO][Sync] Loading: History Delete Directives
2025-01-02 16:03:46.075: [INFO][Sync] Loading: Device Info
2025-01-02 16:03:46.075: [INFO][Sync] Loading: User Consents
2025-01-02 16:03:46.075: [INFO][Sync] Loading: Send Tab To Self
2025-01-02 16:03:46.075: [INFO][Sync] Loading: Web Apps
2025-01-02 16:03:46.075: [INFO][Sync] Loading: Collection
2025-01-02 16:03:46.075: [INFO][Sync] Loading: Edge E Drop
2025-01-02 16:03:46.075: [INFO][Sync] Loading: Edge Hub App Usage
2025-01-02 16:03:46.087: [INFO][Sync] Loading: Edge Tab Group
2025-01-02 16:03:46.088: [INFO][Sync] Loading: Edge Wallet
2025-01-02 16:03:46.760: [INFO][Sync] All data types are ready for configure.
2025-01-02 16:03:49.734: [INFO][Sync] Started DataTypeManager configuration, reason: 5
2025-01-02 16:03:49.734: [INFO][Sync] Configuring for: Bookmarks, Preferences, Passwords, Autofill Profiles, Autofill, Typed URLs, Extensions, Sessions, Extension settings, History Delete Directives, Device Info, User Consents, Send Tab To Self, Web Apps, Collection, Edge E Drop, Edge Hub App Usage, Edge Tab Group, Edge Wallet, Encryption Keys, reason: 5, current state: 1
2025-01-02 16:03:50.197: [INFO][SyncEngineBackend::DoStartConfiguration] Start configuration
2025-01-02 16:03:50.215: [INFO][SyncManagerImpl::ConfigureSyncer] Types to download:  with reason: 4
2025-01-02 16:03:50.215: [INFO][SyncEngineBackend::DoFinishConfigureDataTypes] Failed to download types:  and succeeded types: 
2025-01-02 16:03:50.254: [INFO][Sync] ConfigurationDone, failed: , succeeded: , remaining count: 3
2025-01-02 16:03:50.254: [WARN][Sync]     Reconfigure requested while configuration ongoing.
2025-01-02 16:03:50.254: [INFO][Sync] Configuring for: Bookmarks, Preferences, Passwords, Autofill Profiles, Autofill, Typed URLs, Extensions, Sessions, Extension settings, History Delete Directives, Device Info, User Consents, Send Tab To Self, Web Apps, Collection, Edge E Drop, Edge Hub App Usage, Edge Tab Group, Edge Wallet, Encryption Keys, reason: 5, current state: 2
2025-01-02 16:03:50.254: [INFO][Sync] Configure, desired: Bookmarks, Preferences, Passwords, Autofill Profiles, Autofill, Typed URLs, Extensions, Sessions, Extension settings, History Delete Directives, Device Info, User Consents, Send Tab To Self, Web Apps, Collection, Edge E Drop, Edge Hub App Usage, Edge Tab Group, Edge Wallet, Encryption Keys; Allow fail: 
2025-01-02 16:03:50.704: [INFO][Sync] Loading: Passwords
2025-01-02 16:03:50.704: [INFO][Sync] Loading: Autofill Profiles
2025-01-02 16:03:50.704: [INFO][Sync] Loading: Autofill
2025-01-02 16:03:50.704: [INFO][Sync] All data types are ready for configure.
2025-01-02 16:03:50.704: [INFO][SyncManagerImpl::ConfigureSyncer] Types to download:  with reason: 5
2025-01-02 16:03:50.704: [INFO][SyncEngineBackend::DoFinishConfigureDataTypes] Failed to download types:  and succeeded types: 
2025-01-02 16:03:50.704: [INFO][Sync] ConfigurationDone, failed: , succeeded: , remaining count: 3
2025-01-02 16:03:51.356: [INFO][SyncManagerImpl::ConfigureSyncer] Types to download:  with reason: 5
2025-01-02 16:03:51.356: [INFO][SyncEngineBackend::DoFinishConfigureDataTypes] Failed to download types:  and succeeded types: 
2025-01-02 16:03:51.356: [INFO][Sync] ConfigurationDone, failed: , succeeded: , remaining count: 2
2025-01-02 16:03:51.356: [INFO][SyncManagerImpl::ConfigureSyncer] Types to download:  with reason: 5
2025-01-02 16:03:51.356: [INFO][SyncEngineBackend::DoFinishConfigureDataTypes] Failed to download types:  and succeeded types: 
2025-01-02 16:03:51.356: [INFO][Sync] ConfigurationDone, failed: , succeeded: , remaining count: 1
2025-01-02 16:03:51.357: [INFO][SyncManagerImpl::ConfigureSyncer] Types to download:  with reason: 5
2025-01-02 16:03:51.358: [INFO][SyncEngineBackend::DoFinishConfigureDataTypes] Failed to download types:  and succeeded types: 
2025-01-02 16:03:51.360: [INFO][Sync] ConfigurationDone, failed: , succeeded: , remaining count: 0
2025-01-02 16:03:51.360: [INFO][Sync]     Configuration completed, state: 7
2025-01-02 16:03:51.361: [INFO][Sync] Configured DataTypeManager: Ok
2025-01-02 16:03:51.362: [INFO][SyncEngineBackend::DoStartSyncing] Start syncing
2025-01-02 16:10:10.316: [INFO][Sync] SyncState after authenticated was: FeatureCanStart
2025-01-02 16:10:19.384: [INFO][Sync] Try to start sync engine
2025-01-02 16:10:19.386: [INFO][SyncManagerImpl::NudgeForInitialDownload] Initial download nudge for Encryption Keys
2025-01-02 16:10:19.386: [INFO][SyncEngineBackend::LoadAndConnectNigoriController] Load and connect Nigori controller
2025-01-02 16:10:19.386: [INFO][SyncEngineBackend::DoInitialize] Control Types added: Encryption Keys
2025-01-02 16:10:19.386: [INFO][SyncManagerImpl::ConfigureSyncer] Types to download: Encryption Keys with reason: 3
2025-01-02 16:10:19.386: [INFO][SyncSchedulerImpl::DoConfigurationSyncCycleJob] Configure job was blocked
2025-01-02 16:10:19.795: [INFO][SyncAuthManager::SetLastAuthError] Current auth error: None
2025-01-02 16:10:19.795: [INFO][SyncAuthManager::EdgeLogTokenErrorState] Token error with: None for account type: MSA
2025-01-02 16:10:19.795: [INFO][Sync] Credentials changed for: EdgeSyncScopeNew
2025-01-02 16:10:25.544: [INFO][SyncAuthManager::SetLastAuthError] Current auth error: None
2025-01-02 16:10:25.544: [INFO][SyncAuthManager::EdgeLogTokenErrorState] Token error with: None for account type: MSA
2025-01-02 16:10:25.544: [INFO][Sync] Credentials changed for: EdgeSyncKeyDataScope
2025-01-02 16:10:25.544: [INFO][SyncEngineBackend::DoUpdateKeyDataCredentials] Update key data credentials
2025-01-02 16:10:25.544: [INFO][SyncEngineBackend::DoUpdateCredentials] Update credentials
2025-01-02 16:10:25.544: [INFO][SyncSchedulerImpl::DoConfigurationSyncCycleJob] Blocked types:  and types to download: Encryption Keys
2025-01-02 16:10:26.313: [INFO][Sync] Started DataTypeManager configuration, reason: 4
2025-01-02 16:10:26.313: [INFO][Sync] Configuring for: Bookmarks, Preferences, Passwords, Autofill Profiles, Autofill, Typed URLs, Extensions, Sessions, Extension settings, History Delete Directives, Device Info, User Consents, Send Tab To Self, Web Apps, Collection, Edge E Drop, Edge Hub App Usage, Edge Tab Group, Edge Wallet, Encryption Keys, reason: 4, current state: 0
2025-01-02 16:10:26.316: [INFO][Sync] Configure, desired: Bookmarks, Preferences, Typed URLs, Extensions, Sessions, Extension settings, History Delete Directives, Device Info, User Consents, Send Tab To Self, Web Apps, Collection, Edge E Drop, Edge Hub App Usage, Edge Tab Group, Edge Wallet, Encryption Keys; Allow fail: Passwords, Autofill Profiles, Autofill
2025-01-02 16:10:26.316: [INFO][Sync] Loading: Bookmarks
2025-01-02 16:10:26.316: [INFO][Sync] Loading: Preferences
2025-01-02 16:10:26.316: [INFO][Sync] Loading: Typed URLs
2025-01-02 16:10:26.316: [INFO][Sync] Loading: Extensions
2025-01-02 16:10:26.316: [INFO][Sync] Loading: Sessions
2025-01-02 16:10:26.316: [INFO][Sync] Loading: Extension settings
2025-01-02 16:10:26.316: [INFO][Sync] Loading: History Delete Directives
2025-01-02 16:10:26.317: [INFO][Sync] Loading: Device Info
2025-01-02 16:10:26.317: [INFO][Sync] Loading: User Consents
2025-01-02 16:10:26.317: [INFO][Sync] Loading: Send Tab To Self
2025-01-02 16:10:26.317: [INFO][Sync] Loading: Web Apps
2025-01-02 16:10:26.317: [INFO][Sync] Loading: Collection
2025-01-02 16:10:26.317: [INFO][Sync] Loading: Edge E Drop
2025-01-02 16:10:26.317: [INFO][Sync] Loading: Edge Hub App Usage
2025-01-02 16:10:26.317: [INFO][Sync] Loading: Edge Tab Group
2025-01-02 16:10:26.317: [INFO][Sync] Loading: Edge Wallet
2025-01-02 16:10:26.327: [INFO][Sync] All data types are ready for configure.
2025-01-02 16:10:27.228: [INFO][Sync] Started DataTypeManager configuration, reason: 5
2025-01-02 16:10:27.229: [INFO][Sync] Configuring for: Bookmarks, Preferences, Passwords, Autofill Profiles, Autofill, Typed URLs, Extensions, Sessions, Extension settings, History Delete Directives, Device Info, User Consents, Send Tab To Self, Web Apps, Collection, Edge E Drop, Edge Hub App Usage, Edge Tab Group, Edge Wallet, Encryption Keys, reason: 5, current state: 1
2025-01-02 16:10:27.229: [INFO][SyncEngineBackend::DoStartConfiguration] Start configuration
2025-01-02 16:10:27.229: [INFO][SyncManagerImpl::ConfigureSyncer] Types to download:  with reason: 4
2025-01-02 16:10:27.229: [INFO][SyncEngineBackend::DoFinishConfigureDataTypes] Failed to download types:  and succeeded types: 
2025-01-02 16:10:27.231: [INFO][Sync] ConfigurationDone, failed: , succeeded: , remaining count: 3
2025-01-02 16:10:27.231: [WARN][Sync]     Reconfigure requested while configuration ongoing.
2025-01-02 16:10:27.231: [INFO][Sync] Configuring for: Bookmarks, Preferences, Passwords, Autofill Profiles, Autofill, Typed URLs, Extensions, Sessions, Extension settings, History Delete Directives, Device Info, User Consents, Send Tab To Self, Web Apps, Collection, Edge E Drop, Edge Hub App Usage, Edge Tab Group, Edge Wallet, Encryption Keys, reason: 5, current state: 2
2025-01-02 16:10:27.231: [INFO][Sync] Configure, desired: Bookmarks, Preferences, Passwords, Autofill Profiles, Autofill, Typed URLs, Extensions, Sessions, Extension settings, History Delete Directives, Device Info, User Consents, Send Tab To Self, Web Apps, Collection, Edge E Drop, Edge Hub App Usage, Edge Tab Group, Edge Wallet, Encryption Keys; Allow fail: 
2025-01-02 16:10:27.232: [INFO][Sync] Loading: Passwords
2025-01-02 16:10:27.232: [INFO][Sync] Loading: Autofill Profiles
2025-01-02 16:10:27.232: [INFO][Sync] Loading: Autofill
2025-01-02 16:10:27.232: [INFO][Sync] All data types are ready for configure.
2025-01-02 16:10:27.234: [INFO][SyncManagerImpl::ConfigureSyncer] Types to download:  with reason: 5
2025-01-02 16:10:27.234: [INFO][SyncEngineBackend::DoFinishConfigureDataTypes] Failed to download types:  and succeeded types: 
2025-01-02 16:10:27.235: [INFO][Sync] ConfigurationDone, failed: , succeeded: , remaining count: 3
2025-01-02 16:10:27.235: [INFO][SyncManagerImpl::ConfigureSyncer] Types to download:  with reason: 5
2025-01-02 16:10:27.235: [INFO][SyncEngineBackend::DoFinishConfigureDataTypes] Failed to download types:  and succeeded types: 
2025-01-02 16:10:27.235: [INFO][Sync] ConfigurationDone, failed: , succeeded: , remaining count: 2
2025-01-02 16:10:27.235: [INFO][SyncManagerImpl::ConfigureSyncer] Types to download:  with reason: 5
2025-01-02 16:10:27.235: [INFO][SyncEngineBackend::DoFinishConfigureDataTypes] Failed to download types:  and succeeded types: 
2025-01-02 16:10:27.235: [INFO][Sync] ConfigurationDone, failed: , succeeded: , remaining count: 1
2025-01-02 16:10:27.238: [INFO][SyncManagerImpl::ConfigureSyncer] Types to download:  with reason: 5
2025-01-02 16:10:27.238: [INFO][SyncEngineBackend::DoFinishConfigureDataTypes] Failed to download types:  and succeeded types: 
2025-01-02 16:10:27.238: [INFO][Sync] ConfigurationDone, failed: , succeeded: , remaining count: 0
2025-01-02 16:10:27.240: [INFO][Sync]     Configuration completed, state: 7
2025-01-02 16:10:27.240: [INFO][Sync] Configured DataTypeManager: Ok
2025-01-02 16:10:27.243: [INFO][SyncEngineBackend::DoStartSyncing] Start syncing
2025-01-02 16:13:10.044: [INFO][Sync] Reset engine, reason: 0
2025-01-02 16:13:10.044: [INFO][Sync] Reset engine with reason: 0
2025-01-02 16:21:35.755: [INFO][Sync] SyncState after authenticated was: FeatureCanStart
2025-01-02 16:21:44.859: [INFO][Sync] Try to start sync engine
2025-01-02 16:21:44.860: [INFO][SyncManagerImpl::NudgeForInitialDownload] Initial download nudge for Encryption Keys
2025-01-02 16:21:44.860: [INFO][SyncEngineBackend::LoadAndConnectNigoriController] Load and connect Nigori controller
2025-01-02 16:21:44.860: [INFO][SyncEngineBackend::DoInitialize] Control Types added: Encryption Keys
2025-01-02 16:21:44.860: [INFO][SyncManagerImpl::ConfigureSyncer] Types to download: Encryption Keys with reason: 3
2025-01-02 16:21:44.860: [INFO][SyncSchedulerImpl::DoConfigurationSyncCycleJob] Configure job was blocked
2025-01-02 16:21:45.196: [INFO][SyncAuthManager::SetLastAuthError] Current auth error: None
2025-01-02 16:21:45.196: [INFO][SyncAuthManager::EdgeLogTokenErrorState] Token error with: None for account type: MSA
2025-01-02 16:21:45.197: [INFO][Sync] Credentials changed for: EdgeSyncScopeNew
2025-01-02 16:21:49.724: [INFO][SyncAuthManager::SetLastAuthError] Current auth error: None
2025-01-02 16:21:49.725: [INFO][SyncAuthManager::EdgeLogTokenErrorState] Token error with: None for account type: MSA
2025-01-02 16:21:49.725: [INFO][Sync] Credentials changed for: EdgeSyncKeyDataScope
2025-01-02 16:21:49.725: [INFO][SyncEngineBackend::DoUpdateKeyDataCredentials] Update key data credentials
2025-01-02 16:21:49.725: [INFO][SyncEngineBackend::DoUpdateCredentials] Update credentials
2025-01-02 16:21:49.725: [INFO][SyncSchedulerImpl::DoConfigurationSyncCycleJob] Blocked types:  and types to download: Encryption Keys
2025-01-02 16:21:50.792: [INFO][Sync] Started DataTypeManager configuration, reason: 4
2025-01-02 16:21:50.792: [INFO][Sync] Configuring for: Bookmarks, Preferences, Passwords, Autofill Profiles, Autofill, Typed URLs, Extensions, Sessions, Extension settings, History Delete Directives, Device Info, User Consents, Send Tab To Self, Web Apps, Collection, Edge E Drop, Edge Hub App Usage, Edge Tab Group, Edge Wallet, Encryption Keys, reason: 4, current state: 0
2025-01-02 16:21:50.792: [INFO][Sync] Configure, desired: Bookmarks, Preferences, Typed URLs, Extensions, Sessions, Extension settings, History Delete Directives, Device Info, User Consents, Send Tab To Self, Web Apps, Collection, Edge E Drop, Edge Hub App Usage, Edge Tab Group, Edge Wallet, Encryption Keys; Allow fail: Passwords, Autofill Profiles, Autofill
2025-01-02 16:21:50.792: [INFO][Sync] Loading: Bookmarks
2025-01-02 16:21:50.793: [INFO][Sync] Loading: Preferences
2025-01-02 16:21:50.793: [INFO][Sync] Loading: Typed URLs
2025-01-02 16:21:50.793: [INFO][Sync] Loading: Extensions
2025-01-02 16:21:50.793: [INFO][Sync] Loading: Sessions
2025-01-02 16:21:50.793: [INFO][Sync] Loading: Extension settings
2025-01-02 16:21:50.793: [INFO][Sync] Loading: History Delete Directives
2025-01-02 16:21:50.793: [INFO][Sync] Loading: Device Info
2025-01-02 16:21:50.793: [INFO][Sync] Loading: User Consents
2025-01-02 16:21:50.793: [INFO][Sync] Loading: Send Tab To Self
2025-01-02 16:21:50.793: [INFO][Sync] Loading: Web Apps
2025-01-02 16:21:50.793: [INFO][Sync] Loading: Collection
2025-01-02 16:21:50.793: [INFO][Sync] Loading: Edge E Drop
2025-01-02 16:21:50.793: [INFO][Sync] Loading: Edge Hub App Usage
2025-01-02 16:21:50.793: [INFO][Sync] Loading: Edge Tab Group
2025-01-02 16:21:50.793: [INFO][Sync] Loading: Edge Wallet
2025-01-02 16:21:50.795: [INFO][Sync] All data types are ready for configure.
2025-01-02 16:21:51.417: [INFO][Sync] Started DataTypeManager configuration, reason: 5
2025-01-02 16:21:51.417: [INFO][Sync] Configuring for: Bookmarks, Preferences, Passwords, Autofill Profiles, Autofill, Typed URLs, Extensions, Sessions, Extension settings, History Delete Directives, Device Info, User Consents, Send Tab To Self, Web Apps, Collection, Edge E Drop, Edge Hub App Usage, Edge Tab Group, Edge Wallet, Encryption Keys, reason: 5, current state: 1
2025-01-02 16:21:51.417: [INFO][SyncEngineBackend::DoStartConfiguration] Start configuration
2025-01-02 16:21:51.418: [INFO][SyncManagerImpl::ConfigureSyncer] Types to download:  with reason: 4
2025-01-02 16:21:51.418: [INFO][SyncEngineBackend::DoFinishConfigureDataTypes] Failed to download types:  and succeeded types: 
2025-01-02 16:21:51.418: [INFO][Sync] ConfigurationDone, failed: , succeeded: , remaining count: 3
2025-01-02 16:21:51.418: [WARN][Sync]     Reconfigure requested while configuration ongoing.
2025-01-02 16:21:51.418: [INFO][Sync] Configuring for: Bookmarks, Preferences, Passwords, Autofill Profiles, Autofill, Typed URLs, Extensions, Sessions, Extension settings, History Delete Directives, Device Info, User Consents, Send Tab To Self, Web Apps, Collection, Edge E Drop, Edge Hub App Usage, Edge Tab Group, Edge Wallet, Encryption Keys, reason: 5, current state: 2
2025-01-02 16:21:51.418: [INFO][Sync] Configure, desired: Bookmarks, Preferences, Passwords, Autofill Profiles, Autofill, Typed URLs, Extensions, Sessions, Extension settings, History Delete Directives, Device Info, User Consents, Send Tab To Self, Web Apps, Collection, Edge E Drop, Edge Hub App Usage, Edge Tab Group, Edge Wallet, Encryption Keys; Allow fail: 
2025-01-02 16:21:51.418: [INFO][Sync] Loading: Passwords
2025-01-02 16:21:51.418: [INFO][Sync] Loading: Autofill Profiles
2025-01-02 16:21:51.419: [INFO][Sync] Loading: Autofill
2025-01-02 16:21:51.419: [INFO][Sync] All data types are ready for configure.
2025-01-02 16:21:51.419: [INFO][SyncManagerImpl::ConfigureSyncer] Types to download:  with reason: 5
2025-01-02 16:21:51.419: [INFO][SyncEngineBackend::DoFinishConfigureDataTypes] Failed to download types:  and succeeded types: 
2025-01-02 16:21:51.419: [INFO][Sync] ConfigurationDone, failed: , succeeded: , remaining count: 3
2025-01-02 16:21:51.420: [INFO][SyncManagerImpl::ConfigureSyncer] Types to download:  with reason: 5
2025-01-02 16:21:51.420: [INFO][SyncEngineBackend::DoFinishConfigureDataTypes] Failed to download types:  and succeeded types: 
2025-01-02 16:21:51.420: [INFO][Sync] ConfigurationDone, failed: , succeeded: , remaining count: 2
2025-01-02 16:21:51.420: [INFO][SyncManagerImpl::ConfigureSyncer] Types to download:  with reason: 5
2025-01-02 16:21:51.420: [INFO][SyncEngineBackend::DoFinishConfigureDataTypes] Failed to download types:  and succeeded types: 
2025-01-02 16:21:51.420: [INFO][Sync] ConfigurationDone, failed: , succeeded: , remaining count: 1
2025-01-02 16:21:51.421: [INFO][SyncManagerImpl::ConfigureSyncer] Types to download:  with reason: 5
2025-01-02 16:21:51.421: [INFO][SyncEngineBackend::DoFinishConfigureDataTypes] Failed to download types:  and succeeded types: 
2025-01-02 16:21:51.421: [INFO][Sync] ConfigurationDone, failed: , succeeded: , remaining count: 0
2025-01-02 16:21:51.422: [INFO][Sync]     Configuration completed, state: 7
2025-01-02 16:21:51.422: [INFO][Sync] Configured DataTypeManager: Ok
2025-01-02 16:21:51.423: [INFO][SyncEngineBackend::DoStartSyncing] Start syncing
2025-01-02 16:29:17.797: [INFO][Sync] SyncState after authenticated was: FeatureCanStart
2025-01-02 16:29:24.213: [INFO][SyncAuthManager::SetLastAuthError] Current auth error: None
2025-01-02 16:29:24.213: [INFO][SyncAuthManager::EdgeLogTokenErrorState] Token error with: None for account type: MSA
2025-01-02 16:29:24.213: [INFO][Sync] Credentials changed for: EdgeSyncKeyDataScope
2025-01-02 16:29:24.834: [INFO][Sync] Try to start sync engine
2025-01-02 16:29:24.835: [INFO][SyncManagerImpl::NudgeForInitialDownload] Initial download nudge for Encryption Keys
2025-01-02 16:29:24.835: [INFO][SyncEngineBackend::LoadAndConnectNigoriController] Load and connect Nigori controller
2025-01-02 16:29:24.835: [INFO][SyncEngineBackend::DoInitialize] Control Types added: Encryption Keys
2025-01-02 16:29:24.835: [INFO][SyncManagerImpl::ConfigureSyncer] Types to download: Encryption Keys with reason: 3
2025-01-02 16:29:24.835: [INFO][SyncEngineBackend::DoUpdateKeyDataCredentials] Update key data credentials
2025-01-02 16:29:24.835: [INFO][SyncSchedulerImpl::DoConfigurationSyncCycleJob] Configure job was blocked
2025-01-02 16:29:24.873: [INFO][SyncAuthManager::SetLastAuthError] Current auth error: None
2025-01-02 16:29:24.873: [INFO][SyncAuthManager::EdgeLogTokenErrorState] Token error with: None for account type: MSA
2025-01-02 16:29:24.873: [INFO][Sync] Credentials changed for: EdgeSyncScopeNew
2025-01-02 16:29:24.873: [INFO][SyncEngineBackend::DoUpdateCredentials] Update credentials
2025-01-02 16:29:24.874: [INFO][SyncEngineBackend::DoUpdateKeyDataCredentials] Update key data credentials
2025-01-02 16:29:24.874: [INFO][SyncSchedulerImpl::DoConfigurationSyncCycleJob] Blocked types:  and types to download: Encryption Keys
2025-01-02 16:29:25.860: [INFO][Sync] Started DataTypeManager configuration, reason: 4
2025-01-02 16:29:25.860: [INFO][Sync] Configuring for: Bookmarks, Preferences, Passwords, Autofill Profiles, Autofill, Typed URLs, Extensions, Sessions, Extension settings, History Delete Directives, Device Info, User Consents, Send Tab To Self, Web Apps, Collection, Edge E Drop, Edge Hub App Usage, Edge Tab Group, Edge Wallet, Encryption Keys, reason: 4, current state: 0
2025-01-02 16:29:25.861: [INFO][Sync] Configure, desired: Bookmarks, Preferences, Typed URLs, Extensions, Sessions, Extension settings, History Delete Directives, Device Info, User Consents, Send Tab To Self, Web Apps, Collection, Edge E Drop, Edge Hub App Usage, Edge Tab Group, Edge Wallet, Encryption Keys; Allow fail: Passwords, Autofill Profiles, Autofill
2025-01-02 16:29:25.861: [INFO][Sync] Loading: Bookmarks
2025-01-02 16:29:25.861: [INFO][Sync] Loading: Preferences
2025-01-02 16:29:25.861: [INFO][Sync] Loading: Typed URLs
2025-01-02 16:29:25.861: [INFO][Sync] Loading: Extensions
2025-01-02 16:29:25.861: [INFO][Sync] Loading: Sessions
2025-01-02 16:29:25.861: [INFO][Sync] Loading: Extension settings
2025-01-02 16:29:25.861: [INFO][Sync] Loading: History Delete Directives
2025-01-02 16:29:25.861: [INFO][Sync] Loading: Device Info
2025-01-02 16:29:25.861: [INFO][Sync] Loading: User Consents
2025-01-02 16:29:25.861: [INFO][Sync] Loading: Send Tab To Self
2025-01-02 16:29:25.861: [INFO][Sync] Loading: Web Apps
2025-01-02 16:29:25.861: [INFO][Sync] Loading: Collection
2025-01-02 16:29:25.861: [INFO][Sync] Loading: Edge E Drop
2025-01-02 16:29:25.861: [INFO][Sync] Loading: Edge Hub App Usage
2025-01-02 16:29:25.861: [INFO][Sync] Loading: Edge Tab Group
2025-01-02 16:29:25.861: [INFO][Sync] Loading: Edge Wallet
2025-01-02 16:29:25.865: [INFO][Sync] All data types are ready for configure.
2025-01-02 16:29:27.461: [INFO][Sync] Started DataTypeManager configuration, reason: 5
2025-01-02 16:29:27.461: [INFO][Sync] Configuring for: Bookmarks, Preferences, Passwords, Autofill Profiles, Autofill, Typed URLs, Extensions, Sessions, Extension settings, History Delete Directives, Device Info, User Consents, Send Tab To Self, Web Apps, Collection, Edge E Drop, Edge Hub App Usage, Edge Tab Group, Edge Wallet, Encryption Keys, reason: 5, current state: 1
2025-01-02 16:29:27.461: [INFO][SyncEngineBackend::DoStartConfiguration] Start configuration
2025-01-02 16:29:27.462: [INFO][SyncManagerImpl::ConfigureSyncer] Types to download:  with reason: 4
2025-01-02 16:29:27.462: [INFO][SyncEngineBackend::DoFinishConfigureDataTypes] Failed to download types:  and succeeded types: 
2025-01-02 16:29:27.462: [INFO][Sync] ConfigurationDone, failed: , succeeded: , remaining count: 3
2025-01-02 16:29:27.462: [WARN][Sync]     Reconfigure requested while configuration ongoing.
2025-01-02 16:29:27.462: [INFO][Sync] Configuring for: Bookmarks, Preferences, Passwords, Autofill Profiles, Autofill, Typed URLs, Extensions, Sessions, Extension settings, History Delete Directives, Device Info, User Consents, Send Tab To Self, Web Apps, Collection, Edge E Drop, Edge Hub App Usage, Edge Tab Group, Edge Wallet, Encryption Keys, reason: 5, current state: 2
2025-01-02 16:29:27.463: [INFO][Sync] Configure, desired: Bookmarks, Preferences, Passwords, Autofill Profiles, Autofill, Typed URLs, Extensions, Sessions, Extension settings, History Delete Directives, Device Info, User Consents, Send Tab To Self, Web Apps, Collection, Edge E Drop, Edge Hub App Usage, Edge Tab Group, Edge Wallet, Encryption Keys; Allow fail: 
2025-01-02 16:29:27.463: [INFO][Sync] Loading: Passwords
2025-01-02 16:29:27.463: [INFO][Sync] Loading: Autofill Profiles
2025-01-02 16:29:27.463: [INFO][Sync] Loading: Autofill
2025-01-02 16:29:27.463: [INFO][Sync] All data types are ready for configure.
2025-01-02 16:29:27.463: [INFO][SyncManagerImpl::ConfigureSyncer] Types to download:  with reason: 5
2025-01-02 16:29:27.463: [INFO][SyncEngineBackend::DoFinishConfigureDataTypes] Failed to download types:  and succeeded types: 
2025-01-02 16:29:27.463: [INFO][Sync] ConfigurationDone, failed: , succeeded: , remaining count: 3
2025-01-02 16:29:27.463: [INFO][SyncManagerImpl::ConfigureSyncer] Types to download:  with reason: 5
2025-01-02 16:29:27.463: [INFO][SyncEngineBackend::DoFinishConfigureDataTypes] Failed to download types:  and succeeded types: 
2025-01-02 16:29:27.463: [INFO][Sync] ConfigurationDone, failed: , succeeded: , remaining count: 2
2025-01-02 16:29:27.464: [INFO][SyncManagerImpl::ConfigureSyncer] Types to download:  with reason: 5
2025-01-02 16:29:27.464: [INFO][SyncEngineBackend::DoFinishConfigureDataTypes] Failed to download types:  and succeeded types: 
2025-01-02 16:29:27.464: [INFO][Sync] ConfigurationDone, failed: , succeeded: , remaining count: 1
2025-01-02 16:29:27.465: [INFO][SyncManagerImpl::ConfigureSyncer] Types to download:  with reason: 5
2025-01-02 16:29:27.465: [INFO][SyncEngineBackend::DoFinishConfigureDataTypes] Failed to download types:  and succeeded types: 
2025-01-02 16:29:27.466: [INFO][Sync] ConfigurationDone, failed: , succeeded: , remaining count: 0
2025-01-02 16:29:27.466: [INFO][Sync]     Configuration completed, state: 7
2025-01-02 16:29:27.467: [INFO][Sync] Configured DataTypeManager: Ok
2025-01-02 16:29:27.468: [INFO][SyncEngineBackend::DoStartSyncing] Start syncing
2025-01-02 16:48:52.878: [INFO][Sync] SyncState after authenticated was: FeatureCanStart
2025-01-02 16:49:03.067: [INFO][Sync] Try to start sync engine
2025-01-02 16:49:03.101: [INFO][SyncAuthManager::SetLastAuthError] Current auth error: None
2025-01-02 16:49:03.101: [INFO][SyncAuthManager::EdgeLogTokenErrorState] Token error with: None for account type: MSA
2025-01-02 16:49:03.101: [INFO][Sync] Credentials changed for: EdgeSyncScopeNew
2025-01-02 16:49:03.299: [INFO][SyncManagerImpl::NudgeForInitialDownload] Initial download nudge for Encryption Keys
2025-01-02 16:49:03.299: [INFO][SyncEngineBackend::LoadAndConnectNigoriController] Load and connect Nigori controller
2025-01-02 16:49:03.299: [INFO][SyncEngineBackend::DoInitialize] Control Types added: Encryption Keys
2025-01-02 16:49:03.299: [INFO][SyncManagerImpl::ConfigureSyncer] Types to download: Encryption Keys with reason: 3
2025-01-02 16:49:03.299: [INFO][SyncSchedulerImpl::DoConfigurationSyncCycleJob] Configure job was blocked
2025-01-02 16:49:05.918: [INFO][SyncAuthManager::SetLastAuthError] Current auth error: None
2025-01-02 16:49:05.918: [INFO][SyncAuthManager::EdgeLogTokenErrorState] Token error with: None for account type: MSA
2025-01-02 16:49:05.919: [INFO][Sync] Credentials changed for: EdgeSyncKeyDataScope
2025-01-02 16:49:05.919: [INFO][SyncEngineBackend::DoUpdateKeyDataCredentials] Update key data credentials
2025-01-02 16:49:05.919: [INFO][SyncEngineBackend::DoUpdateCredentials] Update credentials
2025-01-02 16:49:05.919: [INFO][SyncSchedulerImpl::DoConfigurationSyncCycleJob] Blocked types:  and types to download: Encryption Keys
2025-01-02 16:49:07.851: [INFO][Sync] Started DataTypeManager configuration, reason: 4
2025-01-02 16:49:07.883: [INFO][Sync] Configuring for: Bookmarks, Preferences, Passwords, Autofill Profiles, Autofill, Typed URLs, Extensions, Sessions, Extension settings, History Delete Directives, Device Info, User Consents, Send Tab To Self, Web Apps, Collection, Edge E Drop, Edge Hub App Usage, Edge Tab Group, Edge Wallet, Encryption Keys, reason: 4, current state: 0
2025-01-02 16:49:08.174: [INFO][Sync] Configure, desired: Bookmarks, Preferences, Typed URLs, Extensions, Sessions, Extension settings, History Delete Directives, Device Info, User Consents, Send Tab To Self, Web Apps, Collection, Edge E Drop, Edge Hub App Usage, Edge Tab Group, Edge Wallet, Encryption Keys; Allow fail: Passwords, Autofill Profiles, Autofill
2025-01-02 16:49:08.186: [INFO][Sync] Loading: Bookmarks
2025-01-02 16:49:08.192: [INFO][Sync] Loading: Preferences
2025-01-02 16:49:08.192: [INFO][Sync] Loading: Typed URLs
2025-01-02 16:49:08.192: [INFO][Sync] Loading: Extensions
2025-01-02 16:49:08.196: [INFO][Sync] Loading: Sessions
2025-01-02 16:49:08.196: [INFO][Sync] Loading: Extension settings
2025-01-02 16:49:08.196: [INFO][Sync] Loading: History Delete Directives
2025-01-02 16:49:08.215: [INFO][Sync] Loading: Device Info
2025-01-02 16:49:08.215: [INFO][Sync] Loading: User Consents
2025-01-02 16:49:08.215: [INFO][Sync] Loading: Send Tab To Self
2025-01-02 16:49:08.215: [INFO][Sync] Loading: Web Apps
2025-01-02 16:49:08.216: [INFO][Sync] Loading: Collection
2025-01-02 16:49:08.216: [INFO][Sync] Loading: Edge E Drop
2025-01-02 16:49:08.216: [INFO][Sync] Loading: Edge Hub App Usage
2025-01-02 16:49:08.239: [INFO][Sync] Loading: Edge Tab Group
2025-01-02 16:49:08.239: [INFO][Sync] Loading: Edge Wallet
2025-01-02 16:49:09.582: [INFO][Sync] All data types are ready for configure.
2025-01-02 16:49:10.597: [INFO][Sync] Started DataTypeManager configuration, reason: 5
2025-01-02 16:49:10.597: [INFO][Sync] Configuring for: Bookmarks, Preferences, Passwords, Autofill Profiles, Autofill, Typed URLs, Extensions, Sessions, Extension settings, History Delete Directives, Device Info, User Consents, Send Tab To Self, Web Apps, Collection, Edge E Drop, Edge Hub App Usage, Edge Tab Group, Edge Wallet, Encryption Keys, reason: 5, current state: 1
2025-01-02 16:49:10.816: [INFO][SyncEngineBackend::DoStartConfiguration] Start configuration
2025-01-02 16:49:11.352: [INFO][SyncManagerImpl::ConfigureSyncer] Types to download:  with reason: 4
2025-01-02 16:49:11.352: [INFO][SyncEngineBackend::DoFinishConfigureDataTypes] Failed to download types:  and succeeded types: 
2025-01-02 16:49:11.539: [INFO][Sync] ConfigurationDone, failed: , succeeded: , remaining count: 3
2025-01-02 16:49:11.539: [WARN][Sync]     Reconfigure requested while configuration ongoing.
2025-01-02 16:49:11.539: [INFO][Sync] Configuring for: Bookmarks, Preferences, Passwords, Autofill Profiles, Autofill, Typed URLs, Extensions, Sessions, Extension settings, History Delete Directives, Device Info, User Consents, Send Tab To Self, Web Apps, Collection, Edge E Drop, Edge Hub App Usage, Edge Tab Group, Edge Wallet, Encryption Keys, reason: 5, current state: 2
2025-01-02 16:49:11.539: [INFO][Sync] Configure, desired: Bookmarks, Preferences, Passwords, Autofill Profiles, Autofill, Typed URLs, Extensions, Sessions, Extension settings, History Delete Directives, Device Info, User Consents, Send Tab To Self, Web Apps, Collection, Edge E Drop, Edge Hub App Usage, Edge Tab Group, Edge Wallet, Encryption Keys; Allow fail: 
2025-01-02 16:49:11.689: [INFO][Sync] Loading: Passwords
2025-01-02 16:49:11.689: [INFO][Sync] Loading: Autofill Profiles
2025-01-02 16:49:11.689: [INFO][Sync] Loading: Autofill
2025-01-02 16:49:11.690: [INFO][Sync] All data types are ready for configure.
2025-01-02 16:49:11.690: [INFO][SyncManagerImpl::ConfigureSyncer] Types to download:  with reason: 5
2025-01-02 16:49:11.690: [INFO][SyncEngineBackend::DoFinishConfigureDataTypes] Failed to download types:  and succeeded types: 
2025-01-02 16:49:11.690: [INFO][Sync] ConfigurationDone, failed: , succeeded: , remaining count: 3
2025-01-02 16:49:12.015: [INFO][SyncManagerImpl::ConfigureSyncer] Types to download:  with reason: 5
2025-01-02 16:49:12.015: [INFO][SyncEngineBackend::DoFinishConfigureDataTypes] Failed to download types:  and succeeded types: 
2025-01-02 16:49:12.015: [INFO][Sync] ConfigurationDone, failed: , succeeded: , remaining count: 2
2025-01-02 16:49:12.015: [INFO][SyncManagerImpl::ConfigureSyncer] Types to download:  with reason: 5
2025-01-02 16:49:12.015: [INFO][SyncEngineBackend::DoFinishConfigureDataTypes] Failed to download types:  and succeeded types: 
2025-01-02 16:49:12.016: [INFO][Sync] ConfigurationDone, failed: , succeeded: , remaining count: 1
2025-01-02 16:49:12.017: [INFO][SyncManagerImpl::ConfigureSyncer] Types to download:  with reason: 5
2025-01-02 16:49:12.017: [INFO][SyncEngineBackend::DoFinishConfigureDataTypes] Failed to download types:  and succeeded types: 
2025-01-02 16:49:12.019: [INFO][Sync] ConfigurationDone, failed: , succeeded: , remaining count: 0
2025-01-02 16:49:12.019: [INFO][Sync]     Configuration completed, state: 7
2025-01-02 16:49:13.498: [INFO][Sync] Configured DataTypeManager: Ok
2025-01-02 16:49:13.499: [INFO][SyncEngineBackend::DoStartSyncing] Start syncing
2025-01-02 18:00:22.455: [INFO][Sync] Reset engine, reason: 0
2025-01-02 18:06:17.210: [INFO][Sync] SyncState after authenticated was: FeatureCanStart
2025-01-02 18:06:27.456: [INFO][Sync] Try to start sync engine
2025-01-02 18:06:27.458: [INFO][SyncManagerImpl::NudgeForInitialDownload] Initial download nudge for Encryption Keys
2025-01-02 18:06:27.458: [INFO][SyncEngineBackend::LoadAndConnectNigoriController] Load and connect Nigori controller
2025-01-02 18:06:27.458: [INFO][SyncEngineBackend::DoInitialize] Control Types added: Encryption Keys
2025-01-02 18:06:27.458: [INFO][SyncManagerImpl::ConfigureSyncer] Types to download: Encryption Keys with reason: 3
2025-01-02 18:06:27.458: [INFO][SyncSchedulerImpl::DoConfigurationSyncCycleJob] Configure job was blocked
2025-01-02 18:06:28.169: [INFO][SyncAuthManager::SetLastAuthError] Current auth error: None
2025-01-02 18:06:28.169: [INFO][SyncAuthManager::EdgeLogTokenErrorState] Token error with: None for account type: MSA
2025-01-02 18:06:28.169: [INFO][Sync] Credentials changed for: EdgeSyncScopeNew
2025-01-02 18:06:57.772: [INFO][SyncAuthManager::SetLastAuthError] Current auth error: None
2025-01-02 18:06:57.772: [INFO][SyncAuthManager::EdgeLogTokenErrorState] Token error with: None for account type: MSA
2025-01-02 18:06:57.772: [INFO][Sync] Credentials changed for: EdgeSyncKeyDataScope
2025-01-02 18:06:57.772: [INFO][SyncEngineBackend::DoUpdateKeyDataCredentials] Update key data credentials
2025-01-02 18:06:57.772: [INFO][SyncEngineBackend::DoUpdateCredentials] Update credentials
2025-01-02 18:06:57.772: [INFO][SyncSchedulerImpl::DoConfigurationSyncCycleJob] Blocked types:  and types to download: Encryption Keys
2025-01-02 18:06:59.369: [INFO][Sync] Started DataTypeManager configuration, reason: 4
2025-01-02 18:06:59.369: [INFO][Sync] Configuring for: Bookmarks, Preferences, Passwords, Autofill Profiles, Autofill, Typed URLs, Extensions, Sessions, Extension settings, History Delete Directives, Device Info, User Consents, Send Tab To Self, Web Apps, Collection, Edge E Drop, Edge Hub App Usage, Edge Tab Group, Edge Wallet, Encryption Keys, reason: 4, current state: 0
2025-01-02 18:06:59.370: [INFO][Sync] Configure, desired: Bookmarks, Preferences, Typed URLs, Extensions, Sessions, Extension settings, History Delete Directives, Device Info, User Consents, Send Tab To Self, Web Apps, Collection, Edge E Drop, Edge Hub App Usage, Edge Tab Group, Edge Wallet, Encryption Keys; Allow fail: Passwords, Autofill Profiles, Autofill
2025-01-02 18:06:59.370: [INFO][Sync] Loading: Bookmarks
2025-01-02 18:06:59.370: [INFO][Sync] Loading: Preferences
2025-01-02 18:06:59.370: [INFO][Sync] Loading: Typed URLs
2025-01-02 18:06:59.370: [INFO][Sync] Loading: Extensions
2025-01-02 18:06:59.370: [INFO][Sync] Loading: Sessions
2025-01-02 18:06:59.370: [INFO][Sync] Loading: Extension settings
2025-01-02 18:06:59.370: [INFO][Sync] Loading: History Delete Directives
2025-01-02 18:06:59.370: [INFO][Sync] Loading: Device Info
2025-01-02 18:06:59.370: [INFO][Sync] Loading: User Consents
2025-01-02 18:06:59.370: [INFO][Sync] Loading: Send Tab To Self
2025-01-02 18:06:59.370: [INFO][Sync] Loading: Web Apps
2025-01-02 18:06:59.370: [INFO][Sync] Loading: Collection
2025-01-02 18:06:59.370: [INFO][Sync] Loading: Edge E Drop
2025-01-02 18:06:59.370: [INFO][Sync] Loading: Edge Hub App Usage
2025-01-02 18:06:59.370: [INFO][Sync] Loading: Edge Tab Group
2025-01-02 18:06:59.370: [INFO][Sync] Loading: Edge Wallet
2025-01-02 18:06:59.374: [INFO][Sync] All data types are ready for configure.
2025-01-02 18:07:00.518: [INFO][Sync] Started DataTypeManager configuration, reason: 5
2025-01-02 18:07:00.518: [INFO][Sync] Configuring for: Bookmarks, Preferences, Passwords, Autofill Profiles, Autofill, Typed URLs, Extensions, Sessions, Extension settings, History Delete Directives, Device Info, User Consents, Send Tab To Self, Web Apps, Collection, Edge E Drop, Edge Hub App Usage, Edge Tab Group, Edge Wallet, Encryption Keys, reason: 5, current state: 1
2025-01-02 18:07:00.518: [INFO][SyncEngineBackend::DoStartConfiguration] Start configuration
2025-01-02 18:07:00.519: [INFO][SyncManagerImpl::ConfigureSyncer] Types to download:  with reason: 4
2025-01-02 18:07:00.519: [INFO][SyncEngineBackend::DoFinishConfigureDataTypes] Failed to download types:  and succeeded types: 
2025-01-02 18:07:00.519: [INFO][Sync] ConfigurationDone, failed: , succeeded: , remaining count: 3
2025-01-02 18:07:00.519: [WARN][Sync]     Reconfigure requested while configuration ongoing.
2025-01-02 18:07:00.519: [INFO][Sync] Configuring for: Bookmarks, Preferences, Passwords, Autofill Profiles, Autofill, Typed URLs, Extensions, Sessions, Extension settings, History Delete Directives, Device Info, User Consents, Send Tab To Self, Web Apps, Collection, Edge E Drop, Edge Hub App Usage, Edge Tab Group, Edge Wallet, Encryption Keys, reason: 5, current state: 2
2025-01-02 18:07:00.519: [INFO][Sync] Configure, desired: Bookmarks, Preferences, Passwords, Autofill Profiles, Autofill, Typed URLs, Extensions, Sessions, Extension settings, History Delete Directives, Device Info, User Consents, Send Tab To Self, Web Apps, Collection, Edge E Drop, Edge Hub App Usage, Edge Tab Group, Edge Wallet, Encryption Keys; Allow fail: 
2025-01-02 18:07:00.519: [INFO][Sync] Loading: Passwords
2025-01-02 18:07:00.519: [INFO][Sync] Loading: Autofill Profiles
2025-01-02 18:07:00.519: [INFO][Sync] Loading: Autofill
2025-01-02 18:07:00.520: [INFO][Sync] All data types are ready for configure.
2025-01-02 18:07:00.520: [INFO][SyncManagerImpl::ConfigureSyncer] Types to download:  with reason: 5
2025-01-02 18:07:00.520: [INFO][SyncEngineBackend::DoFinishConfigureDataTypes] Failed to download types:  and succeeded types: 
2025-01-02 18:07:00.520: [INFO][Sync] ConfigurationDone, failed: , succeeded: , remaining count: 3
2025-01-02 18:07:00.520: [INFO][SyncManagerImpl::ConfigureSyncer] Types to download:  with reason: 5
2025-01-02 18:07:00.520: [INFO][SyncEngineBackend::DoFinishConfigureDataTypes] Failed to download types:  and succeeded types: 
2025-01-02 18:07:00.520: [INFO][Sync] ConfigurationDone, failed: , succeeded: , remaining count: 2
2025-01-02 18:07:00.520: [INFO][SyncManagerImpl::ConfigureSyncer] Types to download:  with reason: 5
2025-01-02 18:07:00.520: [INFO][SyncEngineBackend::DoFinishConfigureDataTypes] Failed to download types:  and succeeded types: 
2025-01-02 18:07:00.520: [INFO][Sync] ConfigurationDone, failed: , succeeded: , remaining count: 1
2025-01-02 18:07:00.521: [INFO][SyncManagerImpl::ConfigureSyncer] Types to download:  with reason: 5
2025-01-02 18:07:00.521: [INFO][SyncEngineBackend::DoFinishConfigureDataTypes] Failed to download types:  and succeeded types: 
2025-01-02 18:07:00.522: [INFO][Sync] ConfigurationDone, failed: , succeeded: , remaining count: 0
2025-01-02 18:07:00.523: [INFO][Sync]     Configuration completed, state: 7
2025-01-02 18:07:00.523: [INFO][Sync] Configured DataTypeManager: Ok
2025-01-02 18:07:00.524: [INFO][SyncEngineBackend::DoStartSyncing] Start syncing
2025-01-02 18:09:12.906: [INFO][Sync] Reset engine, reason: 0
2025-01-02 18:09:12.906: [INFO][Sync] Reset engine with reason: 0
